<?xml version="1.0" encoding="UTF-8"?>
<robot generator="Robot 6.1.1 (Python 3.11.0 on win32)" generated="20250303 13:12:08.162" rpa="false" schemaversion="4">
<suite id="s1" name="User Login Tests" source="C:\Users\attem\eclipse-workspace\bookstore\robot_tests\user_login_tests.robot">
<test id="s1-t1" name="User Login With Invalid Credentials" line="23">
<kw name="Open Browser" library="SeleniumLibrary">
<arg>${LOGIN_URL}</arg>
<arg>Chrome</arg>
<doc>Opens a new browser instance to the optional ``url``.</doc>
<msg timestamp="20250303 13:12:08.413" level="INFO">Opening browser 'Chrome' to base url 'http://localhost:8080/login'.</msg>
<status status="PASS" starttime="20250303 13:12:08.413" endtime="20250303 13:12:10.552"/>
</kw>
<kw name="Maximize Browser Window" library="SeleniumLibrary">
<doc>Maximizes current browser window.</doc>
<status status="PASS" starttime="20250303 13:12:10.554" endtime="20250303 13:12:10.634"/>
</kw>
<kw name="Perform Login">
<arg>ABCDEFGH</arg>
<arg>ABCDEFGH</arg>
<kw name="Input Text" library="SeleniumLibrary">
<arg>xpath=//input[@name='username']</arg>
<arg>${username}</arg>
<doc>Types the given ``text`` into the text field identified by ``locator``.</doc>
<msg timestamp="20250303 13:12:10.642" level="INFO">Typing text 'ABCDEFGH' into text field 'xpath=//input[@name='username']'.</msg>
<status status="PASS" starttime="20250303 13:12:10.634" endtime="20250303 13:12:10.804"/>
</kw>
<kw name="Input Text" library="SeleniumLibrary">
<arg>xpath=//input[@name='password']</arg>
<arg>${password}</arg>
<doc>Types the given ``text`` into the text field identified by ``locator``.</doc>
<msg timestamp="20250303 13:12:10.805" level="INFO">Typing text 'ABCDEFGH' into text field 'xpath=//input[@name='password']'.</msg>
<status status="PASS" starttime="20250303 13:12:10.804" endtime="20250303 13:12:10.907"/>
</kw>
<kw name="Click Button" library="SeleniumLibrary">
<arg>xpath=//input[@type='submit']</arg>
<doc>Clicks the button identified by ``locator``.</doc>
<msg timestamp="20250303 13:12:10.907" level="INFO">Clicking button 'xpath=//input[@type='submit']'.</msg>
<status status="PASS" starttime="20250303 13:12:10.907" endtime="20250303 13:12:11.073"/>
</kw>
<status status="PASS" starttime="20250303 13:12:10.634" endtime="20250303 13:12:11.073"/>
</kw>
<kw name="Wait Until Page Contains" library="SeleniumLibrary">
<arg>${MSG_LOGIN_DENIED}</arg>
<doc>Waits until ``text`` appears on the current page.</doc>
<status status="PASS" starttime="20250303 13:12:11.073" endtime="20250303 13:12:11.095"/>
</kw>
<kw name="Close Browser" library="SeleniumLibrary">
<doc>Closes the current browser.</doc>
<status status="PASS" starttime="20250303 13:12:11.096" endtime="20250303 13:12:13.390"/>
</kw>
<doc>Attempts to log in with incorrect credentials and verifies the error message.</doc>
<status status="PASS" starttime="20250303 13:12:08.413" endtime="20250303 13:12:13.390"/>
</test>
<test id="s1-t2" name="User Login" line="31">
<kw name="Open Browser" library="SeleniumLibrary">
<arg>${LOGIN_URL}</arg>
<arg>Chrome</arg>
<doc>Opens a new browser instance to the optional ``url``.</doc>
<msg timestamp="20250303 13:12:13.390" level="INFO">Opening browser 'Chrome' to base url 'http://localhost:8080/login'.</msg>
<status status="PASS" starttime="20250303 13:12:13.390" endtime="20250303 13:12:15.417"/>
</kw>
<kw name="Maximize Browser Window" library="SeleniumLibrary">
<doc>Maximizes current browser window.</doc>
<status status="PASS" starttime="20250303 13:12:15.417" endtime="20250303 13:12:15.491"/>
</kw>
<kw name="Perform Login">
<arg>${VALID_USERNAME}</arg>
<arg>${VALID_PASSWORD}</arg>
<kw name="Input Text" library="SeleniumLibrary">
<arg>xpath=//input[@name='username']</arg>
<arg>${username}</arg>
<doc>Types the given ``text`` into the text field identified by ``locator``.</doc>
<msg timestamp="20250303 13:12:15.494" level="INFO">Typing text 'newusers1234' into text field 'xpath=//input[@name='username']'.</msg>
<status status="PASS" starttime="20250303 13:12:15.493" endtime="20250303 13:12:15.707"/>
</kw>
<kw name="Input Text" library="SeleniumLibrary">
<arg>xpath=//input[@name='password']</arg>
<arg>${password}</arg>
<doc>Types the given ``text`` into the text field identified by ``locator``.</doc>
<msg timestamp="20250303 13:12:15.707" level="INFO">Typing text 'password123' into text field 'xpath=//input[@name='password']'.</msg>
<status status="PASS" starttime="20250303 13:12:15.707" endtime="20250303 13:12:15.817"/>
</kw>
<kw name="Click Button" library="SeleniumLibrary">
<arg>xpath=//input[@type='submit']</arg>
<doc>Clicks the button identified by ``locator``.</doc>
<msg timestamp="20250303 13:12:15.817" level="INFO">Clicking button 'xpath=//input[@type='submit']'.</msg>
<status status="PASS" starttime="20250303 13:12:15.817" endtime="20250303 13:12:16.015"/>
</kw>
<status status="PASS" starttime="20250303 13:12:15.492" endtime="20250303 13:12:16.015"/>
</kw>
<kw name="Wait Until Location Is">
<arg>${BOOKS_URL}</arg>
<kw name="Get Location" library="SeleniumLibrary">
<var>${current_url}</var>
<doc>Returns the current browser window URL.</doc>
<msg timestamp="20250303 13:12:16.058" level="INFO">${current_url} = http://localhost:8080/books</msg>
<status status="PASS" starttime="20250303 13:12:16.017" endtime="20250303 13:12:16.058"/>
</kw>
<kw name="Should Be Equal As Strings" library="BuiltIn">
<arg>${current_url}</arg>
<arg>${expected_url}</arg>
<doc>Fails if objects are unequal after converting them to strings.</doc>
<status status="PASS" starttime="20250303 13:12:16.058" endtime="20250303 13:12:16.059"/>
</kw>
<status status="PASS" starttime="20250303 13:12:16.016" endtime="20250303 13:12:16.059"/>
</kw>
<doc>Logs in with valid credentials and verifies redirection to the books page.</doc>
<status status="PASS" starttime="20250303 13:12:13.390" endtime="20250303 13:12:16.059"/>
</test>
<test id="s1-t3" name="User Logout" line="39">
<kw name="Click Button" library="SeleniumLibrary">
<arg>xpath=//input[@type='submit' and @value='Sign Out']</arg>
<doc>Clicks the button identified by ``locator``.</doc>
<msg timestamp="20250303 13:12:16.065" level="INFO">Clicking button 'xpath=//input[@type='submit' and @value='Sign Out']'.</msg>
<status status="PASS" starttime="20250303 13:12:16.064" endtime="20250303 13:12:16.166"/>
</kw>
<kw name="Wait Until Page Contains" library="SeleniumLibrary">
<arg>${MSG_SIGN_OUT}</arg>
<doc>Waits until ``text`` appears on the current page.</doc>
<status status="PASS" starttime="20250303 13:12:16.166" endtime="20250303 13:12:16.192"/>
</kw>
<kw name="Close Browser" library="SeleniumLibrary">
<doc>Closes the current browser.</doc>
<status status="PASS" starttime="20250303 13:12:16.192" endtime="20250303 13:12:18.457"/>
</kw>
<doc>Logs out the user and verifies the logout message is displayed.</doc>
<status status="PASS" starttime="20250303 13:12:16.062" endtime="20250303 13:12:18.457"/>
</test>
<status status="PASS" starttime="20250303 13:12:08.163" endtime="20250303 13:12:18.457"/>
</suite>
<statistics>
<total>
<stat pass="3" fail="0" skip="0">All Tests</stat>
</total>
<tag>
</tag>
<suite>
<stat pass="3" fail="0" skip="0" id="s1" name="User Login Tests">User Login Tests</stat>
</suite>
</statistics>
<errors>
</errors>
</robot>
