<?xml version="1.0" encoding="UTF-8"?>
<robot generator="Robot 6.1.1 (Python 3.11.0 on win32)" generated="20250311 10:54:19.061" rpa="false" schemaversion="4">
<suite id="s1" name="User Registration Tests" source="C:\Users\attem\eclipse-workspace\bookstore\robot_tests\user_registration_tests.robot">
<test id="s1-t1" name="User Registration" line="20">
<kw name="Open Browser" library="SeleniumLibrary">
<arg>${SIGNUP_URL}</arg>
<arg>Chrome</arg>
<doc>Opens a new browser instance to the optional ``url``.</doc>
<msg timestamp="20250311 10:54:19.291" level="INFO">Opening browser 'Chrome' to base url 'http://localhost:8080/signup'.</msg>
<status status="PASS" starttime="20250311 10:54:19.291" endtime="20250311 10:54:21.464"/>
</kw>
<kw name="Maximize Browser Window" library="SeleniumLibrary">
<doc>Maximizes current browser window.</doc>
<status status="PASS" starttime="20250311 10:54:21.466" endtime="20250311 10:54:21.592"/>
</kw>
<kw name="Fill Registration Form">
<arg>${VALID_USERNAME}</arg>
<arg>${VALID_PASSWORD}</arg>
<arg>${VALID_PASSWORD}</arg>
<kw name="Input Text" library="SeleniumLibrary">
<arg>xpath=//input[@name='username']</arg>
<arg>${username}</arg>
<doc>Types the given ``text`` into the text field identified by ``locator``.</doc>
<msg timestamp="20250311 10:54:21.596" level="INFO">Typing text 'newusers1234567' into text field 'xpath=//input[@name='username']'.</msg>
<status status="PASS" starttime="20250311 10:54:21.595" endtime="20250311 10:54:21.809"/>
</kw>
<kw name="Input Text" library="SeleniumLibrary">
<arg>xpath=//input[@name='password']</arg>
<arg>${password}</arg>
<doc>Types the given ``text`` into the text field identified by ``locator``.</doc>
<msg timestamp="20250311 10:54:21.809" level="INFO">Typing text 'password123' into text field 'xpath=//input[@name='password']'.</msg>
<status status="PASS" starttime="20250311 10:54:21.809" endtime="20250311 10:54:21.941"/>
</kw>
<kw name="Input Text" library="SeleniumLibrary">
<arg>xpath=//input[@name='passwordCheck']</arg>
<arg>${password_check}</arg>
<doc>Types the given ``text`` into the text field identified by ``locator``.</doc>
<msg timestamp="20250311 10:54:21.942" level="INFO">Typing text 'password123' into text field 'xpath=//input[@name='passwordCheck']'.</msg>
<status status="PASS" starttime="20250311 10:54:21.942" endtime="20250311 10:54:22.063"/>
</kw>
<kw name="Click Button" library="SeleniumLibrary">
<arg>xpath=//input[@type='submit']</arg>
<doc>Clicks the button identified by ``locator``.</doc>
<msg timestamp="20250311 10:54:22.063" level="INFO">Clicking button 'xpath=//input[@type='submit']'.</msg>
<status status="PASS" starttime="20250311 10:54:22.063" endtime="20250311 10:54:22.259"/>
</kw>
<kw name="Sleep" library="BuiltIn">
<arg>1s</arg>
<doc>Pauses the test executed for the given time.</doc>
<msg timestamp="20250311 10:54:23.261" level="INFO">Slept 1 second</msg>
<status status="PASS" starttime="20250311 10:54:22.260" endtime="20250311 10:54:23.261"/>
</kw>
<status status="PASS" starttime="20250311 10:54:21.594" endtime="20250311 10:54:23.261"/>
</kw>
<kw name="Wait Until Location Is">
<arg>${LOGIN_URL}</arg>
<kw name="Get Location" library="SeleniumLibrary">
<var>${current_url}</var>
<doc>Returns the current browser window URL.</doc>
<msg timestamp="20250311 10:54:23.264" level="INFO">${current_url} = http://localhost:8080/login</msg>
<status status="PASS" starttime="20250311 10:54:23.261" endtime="20250311 10:54:23.264"/>
</kw>
<kw name="Should Be Equal As Strings" library="BuiltIn">
<arg>${current_url}</arg>
<arg>${expected_url}</arg>
<doc>Fails if objects are unequal after converting them to strings.</doc>
<status status="PASS" starttime="20250311 10:54:23.264" endtime="20250311 10:54:23.264"/>
</kw>
<status status="PASS" starttime="20250311 10:54:23.261" endtime="20250311 10:54:23.264"/>
</kw>
<kw name="Close Browser" library="SeleniumLibrary">
<doc>Closes the current browser.</doc>
<status status="PASS" starttime="20250311 10:54:23.264" endtime="20250311 10:54:25.477"/>
</kw>
<doc>Registers a new user and verifies redirection to the login page.</doc>
<status status="PASS" starttime="20250311 10:54:19.291" endtime="20250311 10:54:25.478"/>
</test>
<test id="s1-t2" name="User Registration With Existing Username" line="28">
<kw name="Open Browser" library="SeleniumLibrary">
<arg>${SIGNUP_URL}</arg>
<arg>Chrome</arg>
<doc>Opens a new browser instance to the optional ``url``.</doc>
<msg timestamp="20250311 10:54:25.480" level="INFO">Opening browser 'Chrome' to base url 'http://localhost:8080/signup'.</msg>
<status status="PASS" starttime="20250311 10:54:25.480" endtime="20250311 10:54:27.588"/>
</kw>
<kw name="Maximize Browser Window" library="SeleniumLibrary">
<doc>Maximizes current browser window.</doc>
<status status="PASS" starttime="20250311 10:54:27.591" endtime="20250311 10:54:27.676"/>
</kw>
<kw name="Fill Registration Form">
<arg>${VALID_USERNAME}</arg>
<arg>${VALID_PASSWORD}</arg>
<arg>${VALID_PASSWORD}</arg>
<kw name="Input Text" library="SeleniumLibrary">
<arg>xpath=//input[@name='username']</arg>
<arg>${username}</arg>
<doc>Types the given ``text`` into the text field identified by ``locator``.</doc>
<msg timestamp="20250311 10:54:27.681" level="INFO">Typing text 'newusers1234567' into text field 'xpath=//input[@name='username']'.</msg>
<status status="PASS" starttime="20250311 10:54:27.680" endtime="20250311 10:54:27.888"/>
</kw>
<kw name="Input Text" library="SeleniumLibrary">
<arg>xpath=//input[@name='password']</arg>
<arg>${password}</arg>
<doc>Types the given ``text`` into the text field identified by ``locator``.</doc>
<msg timestamp="20250311 10:54:27.889" level="INFO">Typing text 'password123' into text field 'xpath=//input[@name='password']'.</msg>
<status status="PASS" starttime="20250311 10:54:27.888" endtime="20250311 10:54:28.008"/>
</kw>
<kw name="Input Text" library="SeleniumLibrary">
<arg>xpath=//input[@name='passwordCheck']</arg>
<arg>${password_check}</arg>
<doc>Types the given ``text`` into the text field identified by ``locator``.</doc>
<msg timestamp="20250311 10:54:28.009" level="INFO">Typing text 'password123' into text field 'xpath=//input[@name='passwordCheck']'.</msg>
<status status="PASS" starttime="20250311 10:54:28.008" endtime="20250311 10:54:28.108"/>
</kw>
<kw name="Click Button" library="SeleniumLibrary">
<arg>xpath=//input[@type='submit']</arg>
<doc>Clicks the button identified by ``locator``.</doc>
<msg timestamp="20250311 10:54:28.109" level="INFO">Clicking button 'xpath=//input[@type='submit']'.</msg>
<status status="PASS" starttime="20250311 10:54:28.108" endtime="20250311 10:54:28.283"/>
</kw>
<kw name="Sleep" library="BuiltIn">
<arg>1s</arg>
<doc>Pauses the test executed for the given time.</doc>
<msg timestamp="20250311 10:54:29.283" level="INFO">Slept 1 second</msg>
<status status="PASS" starttime="20250311 10:54:28.283" endtime="20250311 10:54:29.283"/>
</kw>
<status status="PASS" starttime="20250311 10:54:27.679" endtime="20250311 10:54:29.283"/>
</kw>
<kw name="Wait Until Page Contains" library="SeleniumLibrary">
<arg>${MSG_USERNAME_EXISTS}</arg>
<doc>Waits until ``text`` appears on the current page.</doc>
<status status="PASS" starttime="20250311 10:54:29.284" endtime="20250311 10:54:29.297"/>
</kw>
<kw name="Close Browser" library="SeleniumLibrary">
<doc>Closes the current browser.</doc>
<status status="PASS" starttime="20250311 10:54:29.298" endtime="20250311 10:54:31.590"/>
</kw>
<doc>Attempts to register with an already taken username and verifies the error message.</doc>
<status status="PASS" starttime="20250311 10:54:25.479" endtime="20250311 10:54:31.591"/>
</test>
<test id="s1-t3" name="User Registration With Invalid Password" line="36">
<kw name="Open Browser" library="SeleniumLibrary">
<arg>${SIGNUP_URL}</arg>
<arg>Chrome</arg>
<doc>Opens a new browser instance to the optional ``url``.</doc>
<msg timestamp="20250311 10:54:31.594" level="INFO">Opening browser 'Chrome' to base url 'http://localhost:8080/signup'.</msg>
<status status="PASS" starttime="20250311 10:54:31.593" endtime="20250311 10:54:33.602"/>
</kw>
<kw name="Maximize Browser Window" library="SeleniumLibrary">
<doc>Maximizes current browser window.</doc>
<status status="PASS" starttime="20250311 10:54:33.604" endtime="20250311 10:54:33.664"/>
</kw>
<kw name="Fill Registration Form">
<arg>${VALID_USERNAME}</arg>
<arg>${SHORT_PASSWORD}</arg>
<arg>${SHORT_PASSWORD}</arg>
<kw name="Input Text" library="SeleniumLibrary">
<arg>xpath=//input[@name='username']</arg>
<arg>${username}</arg>
<doc>Types the given ``text`` into the text field identified by ``locator``.</doc>
<msg timestamp="20250311 10:54:33.668" level="INFO">Typing text 'newusers1234567' into text field 'xpath=//input[@name='username']'.</msg>
<status status="PASS" starttime="20250311 10:54:33.667" endtime="20250311 10:54:33.865"/>
</kw>
<kw name="Input Text" library="SeleniumLibrary">
<arg>xpath=//input[@name='password']</arg>
<arg>${password}</arg>
<doc>Types the given ``text`` into the text field identified by ``locator``.</doc>
<msg timestamp="20250311 10:54:33.866" level="INFO">Typing text '123' into text field 'xpath=//input[@name='password']'.</msg>
<status status="PASS" starttime="20250311 10:54:33.865" endtime="20250311 10:54:33.959"/>
</kw>
<kw name="Input Text" library="SeleniumLibrary">
<arg>xpath=//input[@name='passwordCheck']</arg>
<arg>${password_check}</arg>
<doc>Types the given ``text`` into the text field identified by ``locator``.</doc>
<msg timestamp="20250311 10:54:33.960" level="INFO">Typing text '123' into text field 'xpath=//input[@name='passwordCheck']'.</msg>
<status status="PASS" starttime="20250311 10:54:33.959" endtime="20250311 10:54:34.063"/>
</kw>
<kw name="Click Button" library="SeleniumLibrary">
<arg>xpath=//input[@type='submit']</arg>
<doc>Clicks the button identified by ``locator``.</doc>
<msg timestamp="20250311 10:54:34.063" level="INFO">Clicking button 'xpath=//input[@type='submit']'.</msg>
<status status="PASS" starttime="20250311 10:54:34.063" endtime="20250311 10:54:34.153"/>
</kw>
<kw name="Sleep" library="BuiltIn">
<arg>1s</arg>
<doc>Pauses the test executed for the given time.</doc>
<msg timestamp="20250311 10:54:35.154" level="INFO">Slept 1 second</msg>
<status status="PASS" starttime="20250311 10:54:34.153" endtime="20250311 10:54:35.154"/>
</kw>
<status status="PASS" starttime="20250311 10:54:33.666" endtime="20250311 10:54:35.154"/>
</kw>
<kw name="Click Button" library="SeleniumLibrary">
<arg>xpath=//input[@type='submit']</arg>
<doc>Clicks the button identified by ``locator``.</doc>
<msg timestamp="20250311 10:54:35.156" level="INFO">Clicking button 'xpath=//input[@type='submit']'.</msg>
<status status="PASS" starttime="20250311 10:54:35.155" endtime="20250311 10:54:35.235"/>
</kw>
<kw name="Wait Until Page Contains" library="SeleniumLibrary">
<arg>${MSG_INVALID_PASSWORD}</arg>
<doc>Waits until ``text`` appears on the current page.</doc>
<status status="PASS" starttime="20250311 10:54:35.235" endtime="20250311 10:54:35.258"/>
</kw>
<kw name="Close Browser" library="SeleniumLibrary">
<doc>Closes the current browser.</doc>
<status status="PASS" starttime="20250311 10:54:35.259" endtime="20250311 10:54:37.531"/>
</kw>
<doc>Attempts to register with a short password and verifies the error message.</doc>
<status status="PASS" starttime="20250311 10:54:31.593" endtime="20250311 10:54:37.532"/>
</test>
<status status="PASS" starttime="20250311 10:54:19.061" endtime="20250311 10:54:37.533"/>
</suite>
<statistics>
<total>
<stat pass="3" fail="0" skip="0">All Tests</stat>
</total>
<tag>
</tag>
<suite>
<stat pass="3" fail="0" skip="0" id="s1" name="User Registration Tests">User Registration Tests</stat>
</suite>
</statistics>
<errors>
</errors>
</robot>
