<?xml version="1.0" encoding="UTF-8"?>
<robot generator="Robot 6.1.1 (Python 3.11.0 on win32)" generated="20250221 10:37:17.496" rpa="false" schemaversion="4">
<suite id="s1" name="Signup Tests" source="C:\Users\attem\eclipse-workspace\bookstore\robot_tests\signup_tests.robot">
<test id="s1-t1" name="Sign Up Test" line="22">
<kw name="Open Browser" library="SeleniumLibrary">
<arg>${SIGNUP_URL}</arg>
<arg>Chrome</arg>
<doc>Opens a new browser instance to the optional ``url``.</doc>
<msg timestamp="20250221 10:37:17.849" level="INFO">Opening browser 'Chrome' to base url 'http://localhost:8080/signup'.</msg>
<status status="PASS" starttime="20250221 10:37:17.849" endtime="20250221 10:37:22.946"/>
</kw>
<kw name="Maximize Browser Window" library="SeleniumLibrary">
<doc>Maximizes current browser window.</doc>
<status status="PASS" starttime="20250221 10:37:22.947" endtime="20250221 10:37:23.001"/>
</kw>
<kw name="Input Text" library="SeleniumLibrary">
<arg>xpath=//input[@name='username']</arg>
<arg>${NEW_USERNAME}</arg>
<doc>Types the given ``text`` into the text field identified by ``locator``.</doc>
<msg timestamp="20250221 10:37:23.005" level="INFO">Typing text 'newusers1234' into text field 'xpath=//input[@name='username']'.</msg>
<status status="PASS" starttime="20250221 10:37:23.003" endtime="20250221 10:37:23.320"/>
</kw>
<kw name="Input Text" library="SeleniumLibrary">
<arg>xpath=//input[@name='password']</arg>
<arg>${NEW_PASSWORD}</arg>
<doc>Types the given ``text`` into the text field identified by ``locator``.</doc>
<msg timestamp="20250221 10:37:23.322" level="INFO">Typing text 'password123' into text field 'xpath=//input[@name='password']'.</msg>
<status status="PASS" starttime="20250221 10:37:23.321" endtime="20250221 10:37:23.435"/>
</kw>
<kw name="Input Text" library="SeleniumLibrary">
<arg>xpath=//input[@name='passwordCheck']</arg>
<arg>${NEW_PASSWORD}</arg>
<doc>Types the given ``text`` into the text field identified by ``locator``.</doc>
<msg timestamp="20250221 10:37:23.437" level="INFO">Typing text 'password123' into text field 'xpath=//input[@name='passwordCheck']'.</msg>
<status status="PASS" starttime="20250221 10:37:23.436" endtime="20250221 10:37:23.592"/>
</kw>
<kw name="Click Button" library="SeleniumLibrary">
<arg>xpath=//input[@type='submit']</arg>
<doc>Clicks the button identified by ``locator``.</doc>
<msg timestamp="20250221 10:37:23.593" level="INFO">Clicking button 'xpath=//input[@type='submit']'.</msg>
<status status="PASS" starttime="20250221 10:37:23.593" endtime="20250221 10:37:23.940"/>
</kw>
<kw name="Get Location" library="SeleniumLibrary">
<var>${current_url}</var>
<doc>Returns the current browser window URL.</doc>
<msg timestamp="20250221 10:37:24.045" level="INFO">${current_url} = http://localhost:8080/login</msg>
<status status="PASS" starttime="20250221 10:37:23.941" endtime="20250221 10:37:24.045"/>
</kw>
<kw name="Should Be Equal As Strings" library="BuiltIn">
<arg>${current_url}</arg>
<arg>${LOGIN_URL}</arg>
<doc>Fails if objects are unequal after converting them to strings.</doc>
<status status="PASS" starttime="20250221 10:37:24.047" endtime="20250221 10:37:24.048"/>
</kw>
<kw name="Close Browser" library="SeleniumLibrary">
<doc>Closes the current browser.</doc>
<status status="PASS" starttime="20250221 10:37:24.052" endtime="20250221 10:37:26.560"/>
</kw>
<status status="PASS" starttime="20250221 10:37:17.848" endtime="20250221 10:37:26.561"/>
</test>
<test id="s1-t2" name="Sign Up With Existing Username" line="34">
<kw name="Open Browser" library="SeleniumLibrary">
<arg>${SIGNUP_URL}</arg>
<arg>Chrome</arg>
<doc>Opens a new browser instance to the optional ``url``.</doc>
<msg timestamp="20250221 10:37:26.563" level="INFO">Opening browser 'Chrome' to base url 'http://localhost:8080/signup'.</msg>
<status status="PASS" starttime="20250221 10:37:26.562" endtime="20250221 10:37:28.754"/>
</kw>
<kw name="Maximize Browser Window" library="SeleniumLibrary">
<doc>Maximizes current browser window.</doc>
<status status="PASS" starttime="20250221 10:37:28.758" endtime="20250221 10:37:28.858"/>
</kw>
<kw name="Input Text" library="SeleniumLibrary">
<arg>xpath=//input[@name='username']</arg>
<arg>${NEW_USERNAME}</arg>
<doc>Types the given ``text`` into the text field identified by ``locator``.</doc>
<msg timestamp="20250221 10:37:28.862" level="INFO">Typing text 'newusers1234' into text field 'xpath=//input[@name='username']'.</msg>
<status status="PASS" starttime="20250221 10:37:28.861" endtime="20250221 10:37:29.219"/>
</kw>
<kw name="Input Text" library="SeleniumLibrary">
<arg>xpath=//input[@name='password']</arg>
<arg>${NEW_PASSWORD}</arg>
<doc>Types the given ``text`` into the text field identified by ``locator``.</doc>
<msg timestamp="20250221 10:37:29.221" level="INFO">Typing text 'password123' into text field 'xpath=//input[@name='password']'.</msg>
<status status="PASS" starttime="20250221 10:37:29.220" endtime="20250221 10:37:29.486"/>
</kw>
<kw name="Input Text" library="SeleniumLibrary">
<arg>xpath=//input[@name='passwordCheck']</arg>
<arg>${NEW_PASSWORD}</arg>
<doc>Types the given ``text`` into the text field identified by ``locator``.</doc>
<msg timestamp="20250221 10:37:29.491" level="INFO">Typing text 'password123' into text field 'xpath=//input[@name='passwordCheck']'.</msg>
<status status="PASS" starttime="20250221 10:37:29.490" endtime="20250221 10:37:29.653"/>
</kw>
<kw name="Click Button" library="SeleniumLibrary">
<arg>xpath=//input[@type='submit']</arg>
<doc>Clicks the button identified by ``locator``.</doc>
<msg timestamp="20250221 10:37:29.655" level="INFO">Clicking button 'xpath=//input[@type='submit']'.</msg>
<status status="PASS" starttime="20250221 10:37:29.654" endtime="20250221 10:37:29.872"/>
</kw>
<kw name="Wait Until Page Contains" library="SeleniumLibrary">
<arg>${USERNAME_EXIST_TEXT}</arg>
<doc>Waits until ``text`` appears on the current page.</doc>
<status status="PASS" starttime="20250221 10:37:29.873" endtime="20250221 10:37:29.937"/>
</kw>
<kw name="Close Browser" library="SeleniumLibrary">
<doc>Closes the current browser.</doc>
<status status="PASS" starttime="20250221 10:37:29.939" endtime="20250221 10:37:32.314"/>
</kw>
<status status="PASS" starttime="20250221 10:37:26.562" endtime="20250221 10:37:32.315"/>
</test>
<test id="s1-t3" name="Sign Up With Invalid Password" line="44">
<kw name="Open Browser" library="SeleniumLibrary">
<arg>${SIGNUP_URL}</arg>
<arg>Chrome</arg>
<doc>Opens a new browser instance to the optional ``url``.</doc>
<msg timestamp="20250221 10:37:32.317" level="INFO">Opening browser 'Chrome' to base url 'http://localhost:8080/signup'.</msg>
<status status="PASS" starttime="20250221 10:37:32.316" endtime="20250221 10:37:34.795"/>
</kw>
<kw name="Maximize Browser Window" library="SeleniumLibrary">
<doc>Maximizes current browser window.</doc>
<status status="PASS" starttime="20250221 10:37:34.798" endtime="20250221 10:37:34.886"/>
</kw>
<kw name="Input Text" library="SeleniumLibrary">
<arg>xpath=//input[@name='username']</arg>
<arg>${NEW_USERNAME}</arg>
<doc>Types the given ``text`` into the text field identified by ``locator``.</doc>
<msg timestamp="20250221 10:37:34.888" level="INFO">Typing text 'newusers1234' into text field 'xpath=//input[@name='username']'.</msg>
<status status="PASS" starttime="20250221 10:37:34.887" endtime="20250221 10:37:35.237"/>
</kw>
<kw name="Input Text" library="SeleniumLibrary">
<arg>xpath=//input[@name='password']</arg>
<arg>${SHORT_PASSWORD}</arg>
<doc>Types the given ``text`` into the text field identified by ``locator``.</doc>
<msg timestamp="20250221 10:37:35.238" level="INFO">Typing text '123' into text field 'xpath=//input[@name='password']'.</msg>
<status status="PASS" starttime="20250221 10:37:35.238" endtime="20250221 10:37:35.340"/>
</kw>
<kw name="Input Text" library="SeleniumLibrary">
<arg>xpath=//input[@name='passwordCheck']</arg>
<arg>${SHORT_PASSWORD}</arg>
<doc>Types the given ``text`` into the text field identified by ``locator``.</doc>
<msg timestamp="20250221 10:37:35.342" level="INFO">Typing text '123' into text field 'xpath=//input[@name='passwordCheck']'.</msg>
<status status="PASS" starttime="20250221 10:37:35.341" endtime="20250221 10:37:35.463"/>
</kw>
<kw name="Click Button" library="SeleniumLibrary">
<arg>xpath=//input[@type='submit']</arg>
<doc>Clicks the button identified by ``locator``.</doc>
<msg timestamp="20250221 10:37:35.464" level="INFO">Clicking button 'xpath=//input[@type='submit']'.</msg>
<status status="PASS" starttime="20250221 10:37:35.464" endtime="20250221 10:37:35.621"/>
</kw>
<kw name="Wait Until Page Contains" library="SeleniumLibrary">
<arg>${INVALID_PASSWORD_TEXT}</arg>
<doc>Waits until ``text`` appears on the current page.</doc>
<status status="PASS" starttime="20250221 10:37:35.623" endtime="20250221 10:37:35.688"/>
</kw>
<kw name="Close Browser" library="SeleniumLibrary">
<doc>Closes the current browser.</doc>
<status status="PASS" starttime="20250221 10:37:35.689" endtime="20250221 10:37:37.985"/>
</kw>
<status status="PASS" starttime="20250221 10:37:32.316" endtime="20250221 10:37:37.986"/>
</test>
<test id="s1-t4" name="Login with Wrong Username" line="55">
<kw name="Open Browser" library="SeleniumLibrary">
<arg>${LOGIN_URL}</arg>
<arg>Chrome</arg>
<doc>Opens a new browser instance to the optional ``url``.</doc>
<msg timestamp="20250221 10:37:37.988" level="INFO">Opening browser 'Chrome' to base url 'http://localhost:8080/login'.</msg>
<status status="PASS" starttime="20250221 10:37:37.987" endtime="20250221 10:37:40.285"/>
</kw>
<kw name="Input Text" library="SeleniumLibrary">
<arg>xpath=//input[@name='username']</arg>
<arg>${WRONG_USERNAME}</arg>
<doc>Types the given ``text`` into the text field identified by ``locator``.</doc>
<msg timestamp="20250221 10:37:40.296" level="INFO">Typing text 'ABCDEFGH' into text field 'xpath=//input[@name='username']'.</msg>
<status status="PASS" starttime="20250221 10:37:40.294" endtime="20250221 10:37:40.628"/>
</kw>
<kw name="Input Text" library="SeleniumLibrary">
<arg>xpath=//input[@name='password']</arg>
<arg>${WRONG_PASSWORD}</arg>
<doc>Types the given ``text`` into the text field identified by ``locator``.</doc>
<msg timestamp="20250221 10:37:40.630" level="INFO">Typing text 'ABCDEFGH' into text field 'xpath=//input[@name='password']'.</msg>
<status status="PASS" starttime="20250221 10:37:40.629" endtime="20250221 10:37:40.767"/>
</kw>
<kw name="Click Button" library="SeleniumLibrary">
<arg>xpath=//input[@type='submit']</arg>
<doc>Clicks the button identified by ``locator``.</doc>
<msg timestamp="20250221 10:37:40.769" level="INFO">Clicking button 'xpath=//input[@type='submit']'.</msg>
<status status="PASS" starttime="20250221 10:37:40.768" endtime="20250221 10:37:41.084"/>
</kw>
<kw name="Wait Until Page Contains" library="SeleniumLibrary">
<arg>${LOGIN_DENIED_TEXT}</arg>
<doc>Waits until ``text`` appears on the current page.</doc>
<status status="PASS" starttime="20250221 10:37:41.085" endtime="20250221 10:37:41.118"/>
</kw>
<kw name="Close Browser" library="SeleniumLibrary">
<doc>Closes the current browser.</doc>
<status status="PASS" starttime="20250221 10:37:41.122" endtime="20250221 10:37:43.530"/>
</kw>
<status status="PASS" starttime="20250221 10:37:37.987" endtime="20250221 10:37:43.531"/>
</test>
<test id="s1-t5" name="Login Test" line="63">
<kw name="Open Browser" library="SeleniumLibrary">
<arg>${LOGIN_URL}</arg>
<arg>Chrome</arg>
<doc>Opens a new browser instance to the optional ``url``.</doc>
<msg timestamp="20250221 10:37:43.534" level="INFO">Opening browser 'Chrome' to base url 'http://localhost:8080/login'.</msg>
<status status="PASS" starttime="20250221 10:37:43.534" endtime="20250221 10:37:45.628"/>
</kw>
<kw name="Maximize Browser Window" library="SeleniumLibrary">
<doc>Maximizes current browser window.</doc>
<status status="PASS" starttime="20250221 10:37:45.629" endtime="20250221 10:37:45.709"/>
</kw>
<kw name="Input Text" library="SeleniumLibrary">
<arg>xpath=//input[@name='username']</arg>
<arg>${NEW_USERNAME}</arg>
<doc>Types the given ``text`` into the text field identified by ``locator``.</doc>
<msg timestamp="20250221 10:37:45.714" level="INFO">Typing text 'newusers1234' into text field 'xpath=//input[@name='username']'.</msg>
<status status="PASS" starttime="20250221 10:37:45.712" endtime="20250221 10:37:45.937"/>
</kw>
<kw name="Input Text" library="SeleniumLibrary">
<arg>xpath=//input[@name='password']</arg>
<arg>${NEW_PASSWORD}</arg>
<doc>Types the given ``text`` into the text field identified by ``locator``.</doc>
<msg timestamp="20250221 10:37:45.939" level="INFO">Typing text 'password123' into text field 'xpath=//input[@name='password']'.</msg>
<status status="PASS" starttime="20250221 10:37:45.938" endtime="20250221 10:37:46.081"/>
</kw>
<kw name="Click Button" library="SeleniumLibrary">
<arg>xpath=//input[@type='submit']</arg>
<doc>Clicks the button identified by ``locator``.</doc>
<msg timestamp="20250221 10:37:46.083" level="INFO">Clicking button 'xpath=//input[@type='submit']'.</msg>
<status status="PASS" starttime="20250221 10:37:46.082" endtime="20250221 10:37:46.366"/>
</kw>
<kw name="Wait Until Page Contains" library="SeleniumLibrary">
<arg>books</arg>
<doc>Waits until ``text`` appears on the current page.</doc>
<status status="PASS" starttime="20250221 10:37:46.366" endtime="20250221 10:37:46.403"/>
</kw>
<kw name="Get Location" library="SeleniumLibrary">
<var>${current_url}</var>
<doc>Returns the current browser window URL.</doc>
<msg timestamp="20250221 10:37:46.414" level="INFO">${current_url} = http://localhost:8080/books</msg>
<status status="PASS" starttime="20250221 10:37:46.404" endtime="20250221 10:37:46.414"/>
</kw>
<kw name="Should Be Equal As Strings" library="BuiltIn">
<arg>${current_url}</arg>
<arg>${BOOKS_URL}</arg>
<doc>Fails if objects are unequal after converting them to strings.</doc>
<status status="PASS" starttime="20250221 10:37:46.415" endtime="20250221 10:37:46.415"/>
</kw>
<status status="PASS" starttime="20250221 10:37:43.533" endtime="20250221 10:37:46.415"/>
</test>
<test id="s1-t6" name="Sign Out Test" line="74">
<kw name="Click Button" library="SeleniumLibrary">
<arg>xpath=//input[@type='submit' and @value='Sign Out']</arg>
<doc>Clicks the button identified by ``locator``.</doc>
<msg timestamp="20250221 10:37:46.419" level="INFO">Clicking button 'xpath=//input[@type='submit' and @value='Sign Out']'.</msg>
<status status="PASS" starttime="20250221 10:37:46.418" endtime="20250221 10:37:46.591"/>
</kw>
<kw name="Wait Until Page Contains" library="SeleniumLibrary">
<arg>${SIGN_OUT_TEXT}</arg>
<doc>Waits until ``text`` appears on the current page.</doc>
<status status="PASS" starttime="20250221 10:37:46.592" endtime="20250221 10:37:46.631"/>
</kw>
<kw name="Close Browser" library="SeleniumLibrary">
<doc>Closes the current browser.</doc>
<status status="PASS" starttime="20250221 10:37:46.631" endtime="20250221 10:37:49.018"/>
</kw>
<status status="PASS" starttime="20250221 10:37:46.416" endtime="20250221 10:37:49.019"/>
</test>
<status status="PASS" starttime="20250221 10:37:17.498" endtime="20250221 10:37:49.021"/>
</suite>
<statistics>
<total>
<stat pass="6" fail="0" skip="0">All Tests</stat>
</total>
<tag>
</tag>
<suite>
<stat pass="6" fail="0" skip="0" id="s1" name="Signup Tests">Signup Tests</stat>
</suite>
</statistics>
<errors>
</errors>
</robot>
