<?xml version="1.0" encoding="UTF-8"?>
<robot generator="Robot 6.1.1 (Python 3.11.0 on win32)" generated="20250227 13:53:23.568" rpa="false" schemaversion="4">
<suite id="s1" name="User Login Tests" source="C:\Users\attem\eclipse-workspace\bookstore\robot_tests\user_login_tests.robot">
<test id="s1-t1" name="User Login With Invalid Credentials" line="28">
<kw name="Open Browser" library="SeleniumLibrary">
<arg>${LOGIN_URL}</arg>
<arg>Chrome</arg>
<doc>Opens a new browser instance to the optional ``url``.</doc>
<msg timestamp="20250227 13:53:23.812" level="INFO">Opening browser 'Chrome' to base url 'http://localhost:8080/login'.</msg>
<status status="PASS" starttime="20250227 13:53:23.811" endtime="20250227 13:53:26.021"/>
</kw>
<kw name="Input Text" library="SeleniumLibrary">
<arg>xpath=//input[@name='username']</arg>
<arg>${INVALID_USERNAME}</arg>
<doc>Types the given ``text`` into the text field identified by ``locator``.</doc>
<msg timestamp="20250227 13:53:26.025" level="INFO">Typing text 'ABCDEFGH' into text field 'xpath=//input[@name='username']'.</msg>
<status status="PASS" starttime="20250227 13:53:26.021" endtime="20250227 13:53:26.257"/>
</kw>
<kw name="Input Text" library="SeleniumLibrary">
<arg>xpath=//input[@name='password']</arg>
<arg>${INVALID_PASSWORD}</arg>
<doc>Types the given ``text`` into the text field identified by ``locator``.</doc>
<msg timestamp="20250227 13:53:26.259" level="INFO">Typing text 'ABCDEFGH' into text field 'xpath=//input[@name='password']'.</msg>
<status status="PASS" starttime="20250227 13:53:26.259" endtime="20250227 13:53:26.438"/>
</kw>
<kw name="Click Button" library="SeleniumLibrary">
<arg>xpath=//input[@type='submit']</arg>
<doc>Clicks the button identified by ``locator``.</doc>
<msg timestamp="20250227 13:53:26.441" level="INFO">Clicking button 'xpath=//input[@type='submit']'.</msg>
<status status="PASS" starttime="20250227 13:53:26.439" endtime="20250227 13:53:26.673"/>
</kw>
<kw name="Wait Until Page Contains" library="SeleniumLibrary">
<arg>${MSG_LOGIN_DENIED}</arg>
<doc>Waits until ``text`` appears on the current page.</doc>
<status status="PASS" starttime="20250227 13:53:26.674" endtime="20250227 13:53:26.690"/>
</kw>
<kw name="Close Browser" library="SeleniumLibrary">
<doc>Closes the current browser.</doc>
<status status="PASS" starttime="20250227 13:53:26.690" endtime="20250227 13:53:28.944"/>
</kw>
<doc>Attempts to log in with incorrect username and password, then verifies the error message.</doc>
<status status="PASS" starttime="20250227 13:53:23.810" endtime="20250227 13:53:28.944"/>
</test>
<test id="s1-t2" name="User Login" line="38">
<kw name="Open Browser" library="SeleniumLibrary">
<arg>${LOGIN_URL}</arg>
<arg>Chrome</arg>
<doc>Opens a new browser instance to the optional ``url``.</doc>
<msg timestamp="20250227 13:53:28.944" level="INFO">Opening browser 'Chrome' to base url 'http://localhost:8080/login'.</msg>
<status status="PASS" starttime="20250227 13:53:28.944" endtime="20250227 13:53:30.948"/>
</kw>
<kw name="Maximize Browser Window" library="SeleniumLibrary">
<doc>Maximizes current browser window.</doc>
<status status="PASS" starttime="20250227 13:53:30.950" endtime="20250227 13:53:31.035"/>
</kw>
<kw name="Input Text" library="SeleniumLibrary">
<arg>xpath=//input[@name='username']</arg>
<arg>${VALID_USERNAME}</arg>
<doc>Types the given ``text`` into the text field identified by ``locator``.</doc>
<msg timestamp="20250227 13:53:31.035" level="INFO">Typing text 'newusers1234' into text field 'xpath=//input[@name='username']'.</msg>
<status status="PASS" starttime="20250227 13:53:31.035" endtime="20250227 13:53:31.217"/>
</kw>
<kw name="Input Text" library="SeleniumLibrary">
<arg>xpath=//input[@name='password']</arg>
<arg>${VALID_PASSWORD}</arg>
<doc>Types the given ``text`` into the text field identified by ``locator``.</doc>
<msg timestamp="20250227 13:53:31.217" level="INFO">Typing text 'password123' into text field 'xpath=//input[@name='password']'.</msg>
<status status="PASS" starttime="20250227 13:53:31.217" endtime="20250227 13:53:31.392"/>
</kw>
<kw name="Click Button" library="SeleniumLibrary">
<arg>xpath=//input[@type='submit']</arg>
<doc>Clicks the button identified by ``locator``.</doc>
<msg timestamp="20250227 13:53:31.392" level="INFO">Clicking button 'xpath=//input[@type='submit']'.</msg>
<status status="PASS" starttime="20250227 13:53:31.392" endtime="20250227 13:53:31.647"/>
</kw>
<kw name="Wait Until Page Contains" library="SeleniumLibrary">
<arg>books</arg>
<doc>Waits until ``text`` appears on the current page.</doc>
<status status="PASS" starttime="20250227 13:53:31.648" endtime="20250227 13:53:31.661"/>
</kw>
<kw name="Get Location" library="SeleniumLibrary">
<var>${current_url}</var>
<doc>Returns the current browser window URL.</doc>
<msg timestamp="20250227 13:53:31.675" level="INFO">${current_url} = http://localhost:8080/books</msg>
<status status="PASS" starttime="20250227 13:53:31.661" endtime="20250227 13:53:31.675"/>
</kw>
<kw name="Should Be Equal As Strings" library="BuiltIn">
<arg>${current_url}</arg>
<arg>${BOOKS_URL}</arg>
<doc>Fails if objects are unequal after converting them to strings.</doc>
<status status="PASS" starttime="20250227 13:53:31.675" endtime="20250227 13:53:31.675"/>
</kw>
<doc>Logs in with valid credentials and verifies redirection to the books page.</doc>
<status status="PASS" starttime="20250227 13:53:28.944" endtime="20250227 13:53:31.676"/>
</test>
<status status="PASS" starttime="20250227 13:53:23.568" endtime="20250227 13:53:31.677"/>
</suite>
<statistics>
<total>
<stat pass="2" fail="0" skip="0">All Tests</stat>
</total>
<tag>
</tag>
<suite>
<stat pass="2" fail="0" skip="0" id="s1" name="User Login Tests">User Login Tests</stat>
</suite>
</statistics>
<errors>
</errors>
</robot>
