<?xml version="1.0" encoding="UTF-8"?>
<robot generator="Robot 6.1.1 (Python 3.11.0 on win32)" generated="20250225 11:29:00.530" rpa="false" schemaversion="4">
<suite id="s1" name="books CRUD tests" source="C:\Users\attem\eclipse-workspace\bookstore\robot_tests\books_CRUD_tests.robot">
<test id="s1-t1" name="Login Before Adding New Book" line="25">
<kw name="Open Browser" library="SeleniumLibrary">
<arg>${LOGIN_URL}</arg>
<arg>Chrome</arg>
<doc>Opens a new browser instance to the optional ``url``.</doc>
<msg timestamp="20250225 11:29:00.827" level="INFO">Opening browser 'Chrome' to base url 'http://localhost:8080/login'.</msg>
<status status="PASS" starttime="20250225 11:29:00.827" endtime="20250225 11:29:03.030"/>
</kw>
<kw name="Input Text" library="SeleniumLibrary">
<arg>name=username</arg>
<arg>${USERNAME}</arg>
<doc>Types the given ``text`` into the text field identified by ``locator``.</doc>
<msg timestamp="20250225 11:29:03.034" level="INFO">Typing text 'admin' into text field 'name=username'.</msg>
<status status="PASS" starttime="20250225 11:29:03.032" endtime="20250225 11:29:03.200"/>
</kw>
<kw name="Input Text" library="SeleniumLibrary">
<arg>name=password</arg>
<arg>${PASSWORD}</arg>
<doc>Types the given ``text`` into the text field identified by ``locator``.</doc>
<msg timestamp="20250225 11:29:03.202" level="INFO">Typing text 'admin' into text field 'name=password'.</msg>
<status status="PASS" starttime="20250225 11:29:03.202" endtime="20250225 11:29:03.319"/>
</kw>
<kw name="Click Button" library="SeleniumLibrary">
<arg>xpath=//input[@type='submit']</arg>
<doc>Clicks the button identified by ``locator``.</doc>
<msg timestamp="20250225 11:29:03.324" level="INFO">Clicking button 'xpath=//input[@type='submit']'.</msg>
<status status="PASS" starttime="20250225 11:29:03.319" endtime="20250225 11:29:03.577"/>
</kw>
<kw name="Get Text" library="SeleniumLibrary">
<var>${welcome_text}</var>
<arg>xpath=//h3</arg>
<doc>Returns the text value of the element identified by ``locator``.</doc>
<msg timestamp="20250225 11:29:03.628" level="INFO">${welcome_text} = Welcome admin</msg>
<status status="PASS" starttime="20250225 11:29:03.578" endtime="20250225 11:29:03.628"/>
</kw>
<kw name="Should Contain" library="BuiltIn">
<arg>${welcome_text}</arg>
<arg>Welcome ${USERNAME}</arg>
<doc>Fails if ``container`` does not contain ``item`` one or more times.</doc>
<status status="PASS" starttime="20250225 11:29:03.628" endtime="20250225 11:29:03.629"/>
</kw>
<doc>Before adding new books user has to be logged in</doc>
<status status="PASS" starttime="20250225 11:29:00.827" endtime="20250225 11:29:03.629"/>
</test>
<test id="s1-t2" name="Add New Book" line="38">
<kw name="Click Link" library="SeleniumLibrary">
<arg>xpath=//a[contains(@href, '/newbook')]</arg>
<doc>Clicks a link identified by ``locator``.</doc>
<msg timestamp="20250225 11:29:03.631" level="INFO">Clicking link 'xpath=//a[contains(@href, '/newbook')]'.</msg>
<status status="PASS" starttime="20250225 11:29:03.631" endtime="20250225 11:29:03.777"/>
</kw>
<kw name="Input Text" library="SeleniumLibrary">
<arg>xpath=//input[@name='title']</arg>
<arg>${BOOK_TITLE}</arg>
<doc>Types the given ``text`` into the text field identified by ``locator``.</doc>
<msg timestamp="20250225 11:29:03.778" level="INFO">Typing text 'Testi kirja' into text field 'xpath=//input[@name='title']'.</msg>
<status status="PASS" starttime="20250225 11:29:03.778" endtime="20250225 11:29:03.947"/>
</kw>
<kw name="Input Text" library="SeleniumLibrary">
<arg>xpath=//input[@name='author']</arg>
<arg>${BOOK_AUTHOR}</arg>
<doc>Types the given ``text`` into the text field identified by ``locator``.</doc>
<msg timestamp="20250225 11:29:03.954" level="INFO">Typing text 'Matti Testaaja' into text field 'xpath=//input[@name='author']'.</msg>
<status status="PASS" starttime="20250225 11:29:03.953" endtime="20250225 11:29:04.056"/>
</kw>
<kw name="Input Text" library="SeleniumLibrary">
<arg>xpath=//input[@name='isbn']</arg>
<arg>${BOOK_ISBN}</arg>
<doc>Types the given ``text`` into the text field identified by ``locator``.</doc>
<msg timestamp="20250225 11:29:04.056" level="INFO">Typing text '951-1-12345-8' into text field 'xpath=//input[@name='isbn']'.</msg>
<status status="PASS" starttime="20250225 11:29:04.056" endtime="20250225 11:29:04.139"/>
</kw>
<kw name="Input Text" library="SeleniumLibrary">
<arg>xpath=//input[@name='price']</arg>
<arg>${BOOK_PRICE}</arg>
<doc>Types the given ``text`` into the text field identified by ``locator``.</doc>
<msg timestamp="20250225 11:29:04.139" level="INFO">Typing text '20.00' into text field 'xpath=//input[@name='price']'.</msg>
<status status="PASS" starttime="20250225 11:29:04.139" endtime="20250225 11:29:04.222"/>
</kw>
<kw name="Input Text" library="SeleniumLibrary">
<arg>xpath=//input[@name='published']</arg>
<arg>${BOOK_PUBLISHED}</arg>
<doc>Types the given ``text`` into the text field identified by ``locator``.</doc>
<msg timestamp="20250225 11:29:04.222" level="INFO">Typing text '2025' into text field 'xpath=//input[@name='published']'.</msg>
<status status="PASS" starttime="20250225 11:29:04.222" endtime="20250225 11:29:04.325"/>
</kw>
<kw name="Select From List By Label" library="SeleniumLibrary">
<arg>id=category</arg>
<arg>${BOOK_CATEGORY}</arg>
<arg>${BOOK_CATEGORY}</arg>
<doc>Selects options from selection list ``locator`` by ``labels``.</doc>
<msg timestamp="20250225 11:29:04.326" level="INFO">Selecting options from selection list 'id=category' by labels Drama, Drama.</msg>
<status status="PASS" starttime="20250225 11:29:04.326" endtime="20250225 11:29:04.381"/>
</kw>
<kw name="Click Button" library="SeleniumLibrary">
<arg>xpath=//input[@type='submit']</arg>
<doc>Clicks the button identified by ``locator``.</doc>
<msg timestamp="20250225 11:29:04.382" level="INFO">Clicking button 'xpath=//input[@type='submit']'.</msg>
<status status="PASS" starttime="20250225 11:29:04.381" endtime="20250225 11:29:04.493"/>
</kw>
<kw name="Wait Until Page Contains" library="SeleniumLibrary">
<arg>${BOOK_TITLE}</arg>
<doc>Waits until ``text`` appears on the current page.</doc>
<status status="PASS" starttime="20250225 11:29:04.494" endtime="20250225 11:29:04.522"/>
</kw>
<status status="PASS" starttime="20250225 11:29:03.630" endtime="20250225 11:29:04.523"/>
</test>
<test id="s1-t3" name="Edit Newest Book" line="56">
<kw name="Get Element Attribute" library="SeleniumLibrary">
<var>${last_book_edit_link}</var>
<arg>xpath=(//a[contains(@href, '/edit')])[last()]</arg>
<arg>href</arg>
<doc>Returns the value of ``attribute`` from the element ``locator``.</doc>
<msg timestamp="20250225 11:29:04.553" level="INFO">${last_book_edit_link} = http://localhost:8080/editBook/12</msg>
<status status="PASS" starttime="20250225 11:29:04.524" endtime="20250225 11:29:04.553"/>
</kw>
<kw name="Go To" library="SeleniumLibrary">
<arg>${last_book_edit_link}</arg>
<doc>Navigates the current browser window to the provided ``url``.</doc>
<msg timestamp="20250225 11:29:04.553" level="INFO">Opening url 'http://localhost:8080/editBook/12'</msg>
<status status="PASS" starttime="20250225 11:29:04.553" endtime="20250225 11:29:04.635"/>
</kw>
<kw name="Input Text" library="SeleniumLibrary">
<arg>xpath=//input[@name='title']</arg>
<arg>${EDITED_TITLE}</arg>
<doc>Types the given ``text`` into the text field identified by ``locator``.</doc>
<msg timestamp="20250225 11:29:04.637" level="INFO">Typing text 'Muokattu kirja' into text field 'xpath=//input[@name='title']'.</msg>
<status status="PASS" starttime="20250225 11:29:04.636" endtime="20250225 11:29:04.736"/>
</kw>
<kw name="Input Text" library="SeleniumLibrary">
<arg>xpath=//input[@name='author']</arg>
<arg>${EDITED_AUTHOR}</arg>
<doc>Types the given ``text`` into the text field identified by ``locator``.</doc>
<msg timestamp="20250225 11:29:04.737" level="INFO">Typing text 'Matti Muokkaaja' into text field 'xpath=//input[@name='author']'.</msg>
<status status="PASS" starttime="20250225 11:29:04.736" endtime="20250225 11:29:04.838"/>
</kw>
<kw name="Input Text" library="SeleniumLibrary">
<arg>xpath=//input[@name='isbn']</arg>
<arg>${EDITED_ISBN}</arg>
<doc>Types the given ``text`` into the text field identified by ``locator``.</doc>
<msg timestamp="20250225 11:29:04.840" level="INFO">Typing text '111-1-11111-1' into text field 'xpath=//input[@name='isbn']'.</msg>
<status status="PASS" starttime="20250225 11:29:04.838" endtime="20250225 11:29:04.937"/>
</kw>
<kw name="Input Text" library="SeleniumLibrary">
<arg>xpath=//input[@name='price']</arg>
<arg>${EDITED_PRICE}</arg>
<doc>Types the given ``text`` into the text field identified by ``locator``.</doc>
<msg timestamp="20250225 11:29:04.937" level="INFO">Typing text '25.00' into text field 'xpath=//input[@name='price']'.</msg>
<status status="PASS" starttime="20250225 11:29:04.937" endtime="20250225 11:29:05.020"/>
</kw>
<kw name="Input Text" library="SeleniumLibrary">
<arg>xpath=//input[@name='published']</arg>
<arg>${EDITED_PUBLISHED}</arg>
<doc>Types the given ``text`` into the text field identified by ``locator``.</doc>
<msg timestamp="20250225 11:29:05.020" level="INFO">Typing text '2024' into text field 'xpath=//input[@name='published']'.</msg>
<status status="PASS" starttime="20250225 11:29:05.020" endtime="20250225 11:29:05.085"/>
</kw>
<kw name="Select From List By Label" library="SeleniumLibrary">
<arg>id=category</arg>
<arg>${BOOK_CATEGORY}</arg>
<arg>${BOOK_CATEGORY}</arg>
<doc>Selects options from selection list ``locator`` by ``labels``.</doc>
<msg timestamp="20250225 11:29:05.086" level="INFO">Selecting options from selection list 'id=category' by labels Drama, Drama.</msg>
<status status="PASS" starttime="20250225 11:29:05.086" endtime="20250225 11:29:05.128"/>
</kw>
<kw name="Click Button" library="SeleniumLibrary">
<arg>xpath=//input[@type='submit']</arg>
<doc>Clicks the button identified by ``locator``.</doc>
<msg timestamp="20250225 11:29:05.128" level="INFO">Clicking button 'xpath=//input[@type='submit']'.</msg>
<status status="PASS" starttime="20250225 11:29:05.128" endtime="20250225 11:29:05.222"/>
</kw>
<kw name="Wait Until Page Contains" library="SeleniumLibrary">
<arg>${EDITED_TITLE}</arg>
<doc>Waits until ``text`` appears on the current page.</doc>
<status status="PASS" starttime="20250225 11:29:05.223" endtime="20250225 11:29:05.243"/>
</kw>
<status status="PASS" starttime="20250225 11:29:04.524" endtime="20250225 11:29:05.244"/>
</test>
<test id="s1-t4" name="Delete Newest Book" line="76">
<kw name="Click Link" library="SeleniumLibrary">
<arg>xpath=(//a[contains(@href, '/deletebook')])[last()]</arg>
<doc>Clicks a link identified by ``locator``.</doc>
<msg timestamp="20250225 11:29:05.246" level="INFO">Clicking link 'xpath=(//a[contains(@href, '/deletebook')])[last()]'.</msg>
<status status="PASS" starttime="20250225 11:29:05.246" endtime="20250225 11:29:05.386"/>
</kw>
<kw name="Reload Page" library="SeleniumLibrary">
<doc>Simulates user reloading page.</doc>
<status status="PASS" starttime="20250225 11:29:05.386" endtime="20250225 11:29:05.428"/>
</kw>
<kw name="Wait Until Page Does Not Contain" library="SeleniumLibrary">
<arg>${EDITED_TITLE}</arg>
<doc>Waits until ``text`` disappears from the current page.</doc>
<status status="PASS" starttime="20250225 11:29:05.429" endtime="20250225 11:29:05.439"/>
</kw>
<kw name="Close Browser" library="SeleniumLibrary">
<doc>Closes the current browser.</doc>
<status status="PASS" starttime="20250225 11:29:05.440" endtime="20250225 11:29:07.653"/>
</kw>
<doc>Poistaa juuri muokatun kirjan listalta</doc>
<status status="PASS" starttime="20250225 11:29:05.245" endtime="20250225 11:29:07.653"/>
</test>
<status status="PASS" starttime="20250225 11:29:00.530" endtime="20250225 11:29:07.653"/>
</suite>
<statistics>
<total>
<stat pass="4" fail="0" skip="0">All Tests</stat>
</total>
<tag>
</tag>
<suite>
<stat pass="4" fail="0" skip="0" id="s1" name="books CRUD tests">books CRUD tests</stat>
</suite>
</statistics>
<errors>
</errors>
</robot>
