<?xml version="1.0" encoding="UTF-8"?>
<robot generator="Robot 6.1.1 (Python 3.11.0 on win32)" generated="20250227 11:57:07.002" rpa="false" schemaversion="4">
<suite id="s1" name="category CRUD tests" source="C:\Users\attem\eclipse-workspace\bookstore\robot_tests\category_CRUD_tests.robot">
<test id="s1-t1" name="Admin Login" line="28">
<kw name="Open Browser" library="SeleniumLibrary">
<arg>${LOGIN_URL}</arg>
<arg>Chrome</arg>
<doc>Opens a new browser instance to the optional ``url``.</doc>
<msg timestamp="20250227 11:57:07.272" level="INFO">Opening browser 'Chrome' to base url 'http://localhost:8080/login'.</msg>
<status status="PASS" starttime="20250227 11:57:07.272" endtime="20250227 11:57:09.467"/>
</kw>
<kw name="Input Text" library="SeleniumLibrary">
<arg>name=username</arg>
<arg>${ADMIN_USERNAME}</arg>
<doc>Types the given ``text`` into the text field identified by ``locator``.</doc>
<msg timestamp="20250227 11:57:09.470" level="INFO">Typing text 'admin' into text field 'name=username'.</msg>
<status status="PASS" starttime="20250227 11:57:09.468" endtime="20250227 11:57:09.647"/>
</kw>
<kw name="Input Text" library="SeleniumLibrary">
<arg>name=password</arg>
<arg>${ADMIN_PASSWORD}</arg>
<doc>Types the given ``text`` into the text field identified by ``locator``.</doc>
<msg timestamp="20250227 11:57:09.649" level="INFO">Typing text 'admin' into text field 'name=password'.</msg>
<status status="PASS" starttime="20250227 11:57:09.648" endtime="20250227 11:57:09.782"/>
</kw>
<kw name="Click Button" library="SeleniumLibrary">
<arg>xpath=//input[@type='submit']</arg>
<doc>Clicks the button identified by ``locator``.</doc>
<msg timestamp="20250227 11:57:09.784" level="INFO">Clicking button 'xpath=//input[@type='submit']'.</msg>
<status status="PASS" starttime="20250227 11:57:09.783" endtime="20250227 11:57:10.012"/>
</kw>
<kw name="Get Text" library="SeleniumLibrary">
<var>${welcome_text}</var>
<arg>xpath=//h3</arg>
<doc>Returns the text value of the element identified by ``locator``.</doc>
<msg timestamp="20250227 11:57:10.097" level="INFO">${welcome_text} = Welcome admin</msg>
<status status="PASS" starttime="20250227 11:57:10.013" endtime="20250227 11:57:10.097"/>
</kw>
<kw name="Should Contain" library="BuiltIn">
<arg>${welcome_text}</arg>
<arg>Welcome ${ADMIN_USERNAME}</arg>
<doc>Fails if ``container`` does not contain ``item`` one or more times.</doc>
<status status="PASS" starttime="20250227 11:57:10.098" endtime="20250227 11:57:10.098"/>
</kw>
<doc>Logs in as an admin user to access category management features.</doc>
<status status="PASS" starttime="20250227 11:57:07.271" endtime="20250227 11:57:10.099"/>
</test>
<test id="s1-t2" name="Add New Category" line="40">
<kw name="Click Link" library="SeleniumLibrary">
<arg>xpath=//a[contains(@href, '/addcategory')]</arg>
<doc>Clicks a link identified by ``locator``.</doc>
<msg timestamp="20250227 11:57:10.101" level="INFO">Clicking link 'xpath=//a[contains(@href, '/addcategory')]'.</msg>
<status status="PASS" starttime="20250227 11:57:10.101" endtime="20250227 11:57:10.263"/>
</kw>
<kw name="Input Text" library="SeleniumLibrary">
<arg>xpath=//input[@name='name']</arg>
<arg>${CATEGORY_NAME}</arg>
<doc>Types the given ``text`` into the text field identified by ``locator``.</doc>
<msg timestamp="20250227 11:57:10.266" level="INFO">Typing text 'Test Category' into text field 'xpath=//input[@name='name']'.</msg>
<status status="PASS" starttime="20250227 11:57:10.264" endtime="20250227 11:57:10.446"/>
</kw>
<kw name="Click Button" library="SeleniumLibrary">
<arg>xpath=//input[@type='submit']</arg>
<doc>Clicks the button identified by ``locator``.</doc>
<msg timestamp="20250227 11:57:10.448" level="INFO">Clicking button 'xpath=//input[@type='submit']'.</msg>
<status status="PASS" starttime="20250227 11:57:10.447" endtime="20250227 11:57:10.576"/>
</kw>
<kw name="Wait Until Page Contains" library="SeleniumLibrary">
<arg>${CATEGORY_NAME}</arg>
<doc>Waits until ``text`` appears on the current page.</doc>
<status status="PASS" starttime="20250227 11:57:10.577" endtime="20250227 11:57:10.606"/>
</kw>
<doc>Adds a new category with predefined details.</doc>
<status status="PASS" starttime="20250227 11:57:10.100" endtime="20250227 11:57:10.607"/>
</test>
<test id="s1-t3" name="Edit Most Recent Category" line="49">
<kw name="Get Element Attribute" library="SeleniumLibrary">
<var>${last_category_edit_link}</var>
<arg>xpath=(//a[contains(@href, '/editCategory')])[last()]</arg>
<arg>href</arg>
<doc>Returns the value of ``attribute`` from the element ``locator``.</doc>
<msg timestamp="20250227 11:57:10.634" level="INFO">${last_category_edit_link} = http://localhost:8080/editCategory/9</msg>
<status status="PASS" starttime="20250227 11:57:10.608" endtime="20250227 11:57:10.634"/>
</kw>
<kw name="Go To" library="SeleniumLibrary">
<arg>${last_category_edit_link}</arg>
<doc>Navigates the current browser window to the provided ``url``.</doc>
<msg timestamp="20250227 11:57:10.635" level="INFO">Opening url 'http://localhost:8080/editCategory/9'</msg>
<status status="PASS" starttime="20250227 11:57:10.635" endtime="20250227 11:57:10.692"/>
</kw>
<kw name="Input Text" library="SeleniumLibrary">
<arg>xpath=//input[@name='name']</arg>
<arg>${EDITED_CATEGORY}</arg>
<doc>Types the given ``text`` into the text field identified by ``locator``.</doc>
<msg timestamp="20250227 11:57:10.694" level="INFO">Typing text 'Updated Category' into text field 'xpath=//input[@name='name']'.</msg>
<status status="PASS" starttime="20250227 11:57:10.693" endtime="20250227 11:57:10.819"/>
</kw>
<kw name="Click Button" library="SeleniumLibrary">
<arg>xpath=//input[@type='submit']</arg>
<doc>Clicks the button identified by ``locator``.</doc>
<msg timestamp="20250227 11:57:10.820" level="INFO">Clicking button 'xpath=//input[@type='submit']'.</msg>
<status status="PASS" starttime="20250227 11:57:10.819" endtime="20250227 11:57:10.929"/>
</kw>
<kw name="Wait Until Page Contains" library="SeleniumLibrary">
<arg>${EDITED_CATEGORY}</arg>
<doc>Waits until ``text`` appears on the current page.</doc>
<status status="PASS" starttime="20250227 11:57:10.930" endtime="20250227 11:57:10.956"/>
</kw>
<doc>Edits the most recently added category by navigating to its edit page and updating details.</doc>
<status status="PASS" starttime="20250227 11:57:10.608" endtime="20250227 11:57:10.956"/>
</test>
<test id="s1-t4" name="Delete Most Recent Category" line="59">
<kw name="Click Link" library="SeleniumLibrary">
<arg>xpath=(//a[contains(@href, '/deletecategory')])[last()]</arg>
<doc>Clicks a link identified by ``locator``.</doc>
<msg timestamp="20250227 11:57:10.958" level="INFO">Clicking link 'xpath=(//a[contains(@href, '/deletecategory')])[last()]'.</msg>
<status status="PASS" starttime="20250227 11:57:10.958" endtime="20250227 11:57:11.114"/>
</kw>
<kw name="Reload Page" library="SeleniumLibrary">
<doc>Simulates user reloading page.</doc>
<status status="PASS" starttime="20250227 11:57:11.114" endtime="20250227 11:57:11.159"/>
</kw>
<kw name="Wait Until Page Does Not Contain" library="SeleniumLibrary">
<arg>${EDITED_CATEGORY}</arg>
<doc>Waits until ``text`` disappears from the current page.</doc>
<status status="PASS" starttime="20250227 11:57:11.160" endtime="20250227 11:57:11.171"/>
</kw>
<doc>Deletes the most recently edited category from the list.</doc>
<status status="PASS" starttime="20250227 11:57:10.957" endtime="20250227 11:57:11.172"/>
</test>
<test id="s1-t5" name="Reject Category With Invalid Numerical Characters" line="69">
<kw name="Click Link" library="SeleniumLibrary">
<arg>xpath=(//a[contains(@href, '/addcategory')])</arg>
<doc>Clicks a link identified by ``locator``.</doc>
<msg timestamp="20250227 11:57:11.175" level="INFO">Clicking link 'xpath=(//a[contains(@href, '/addcategory')])'.</msg>
<status status="PASS" starttime="20250227 11:57:11.174" endtime="20250227 11:57:11.318"/>
</kw>
<kw name="Input Text" library="SeleniumLibrary">
<arg>xpath=//input[@name='name']</arg>
<arg>${NUMERICAL_NAME}</arg>
<doc>Types the given ``text`` into the text field identified by ``locator``.</doc>
<msg timestamp="20250227 11:57:11.320" level="INFO">Typing text '123' into text field 'xpath=//input[@name='name']'.</msg>
<status status="PASS" starttime="20250227 11:57:11.319" endtime="20250227 11:57:11.440"/>
</kw>
<kw name="Click Button" library="SeleniumLibrary">
<arg>xpath=//input[@type='submit']</arg>
<doc>Clicks the button identified by ``locator``.</doc>
<msg timestamp="20250227 11:57:11.441" level="INFO">Clicking button 'xpath=//input[@type='submit']'.</msg>
<status status="PASS" starttime="20250227 11:57:11.441" endtime="20250227 11:57:11.524"/>
</kw>
<kw name="Wait Until Page Contains" library="SeleniumLibrary">
<arg>${WRONG_NAME_MESSAGE}</arg>
<doc>Waits until ``text`` appears on the current page.</doc>
<status status="PASS" starttime="20250227 11:57:11.525" endtime="20250227 11:57:11.550"/>
</kw>
<kw name="Get Location" library="SeleniumLibrary">
<var>${current_url}</var>
<doc>Returns the current browser window URL.</doc>
<msg timestamp="20250227 11:57:11.558" level="INFO">${current_url} = http://localhost:8080/savecategory</msg>
<status status="PASS" starttime="20250227 11:57:11.551" endtime="20250227 11:57:11.558"/>
</kw>
<kw name="Should Be Equal" library="BuiltIn">
<arg>${current_url}</arg>
<arg>${SAVE_CATEGORY_URL}</arg>
<doc>Fails if the given objects are unequal.</doc>
<status status="PASS" starttime="20250227 11:57:11.558" endtime="20250227 11:57:11.558"/>
</kw>
<status status="PASS" starttime="20250227 11:57:11.172" endtime="20250227 11:57:11.559"/>
</test>
<test id="s1-t6" name="Reject Category Without Characters" line="80">
<kw name="Input Text" library="SeleniumLibrary">
<arg>xpath=//input[@name='name']</arg>
<arg>${EMPTY_CHAR}</arg>
<doc>Types the given ``text`` into the text field identified by ``locator``.</doc>
<msg timestamp="20250227 11:57:11.561" level="INFO">Typing text '' into text field 'xpath=//input[@name='name']'.</msg>
<status status="PASS" starttime="20250227 11:57:11.560" endtime="20250227 11:57:11.643"/>
</kw>
<kw name="Click Button" library="SeleniumLibrary">
<arg>xpath=//input[@type='submit']</arg>
<doc>Clicks the button identified by ``locator``.</doc>
<msg timestamp="20250227 11:57:11.644" level="INFO">Clicking button 'xpath=//input[@type='submit']'.</msg>
<status status="PASS" starttime="20250227 11:57:11.643" endtime="20250227 11:57:11.716"/>
</kw>
<kw name="Wait Until Page Contains" library="SeleniumLibrary">
<arg>${EMPTY_NAME_MESSAGE}</arg>
<doc>Waits until ``text`` appears on the current page.</doc>
<status status="PASS" starttime="20250227 11:57:11.717" endtime="20250227 11:57:11.736"/>
</kw>
<kw name="Get Location" library="SeleniumLibrary">
<var>${current_url}</var>
<doc>Returns the current browser window URL.</doc>
<msg timestamp="20250227 11:57:11.743" level="INFO">${current_url} = http://localhost:8080/savecategory</msg>
<status status="PASS" starttime="20250227 11:57:11.737" endtime="20250227 11:57:11.743"/>
</kw>
<kw name="Should Be Equal" library="BuiltIn">
<arg>${current_url}</arg>
<arg>${SAVE_CATEGORY_URL}</arg>
<doc>Fails if the given objects are unequal.</doc>
<status status="PASS" starttime="20250227 11:57:11.744" endtime="20250227 11:57:11.744"/>
</kw>
<status status="PASS" starttime="20250227 11:57:11.560" endtime="20250227 11:57:11.744"/>
</test>
<test id="s1-t7" name="Reject Category Without Characters" line="92">
<kw name="Input Text" library="SeleniumLibrary">
<arg>xpath=//input[@name='name']</arg>
<arg>${INVALID_CHAR}</arg>
<doc>Types the given ``text`` into the text field identified by ``locator``.</doc>
<msg timestamp="20250227 11:57:11.746" level="INFO">Typing text '!¤&amp;$' into text field 'xpath=//input[@name='name']'.</msg>
<status status="PASS" starttime="20250227 11:57:11.746" endtime="20250227 11:57:11.818"/>
</kw>
<kw name="Click Button" library="SeleniumLibrary">
<arg>xpath=//input[@type='submit']</arg>
<doc>Clicks the button identified by ``locator``.</doc>
<msg timestamp="20250227 11:57:11.819" level="INFO">Clicking button 'xpath=//input[@type='submit']'.</msg>
<status status="PASS" starttime="20250227 11:57:11.819" endtime="20250227 11:57:11.900"/>
</kw>
<kw name="Wait Until Page Contains" library="SeleniumLibrary">
<arg>${WRONG_NAME_MESSAGE}</arg>
<doc>Waits until ``text`` appears on the current page.</doc>
<status status="PASS" starttime="20250227 11:57:11.901" endtime="20250227 11:57:11.915"/>
</kw>
<kw name="Get Location" library="SeleniumLibrary">
<var>${current_url}</var>
<doc>Returns the current browser window URL.</doc>
<msg timestamp="20250227 11:57:11.920" level="INFO">${current_url} = http://localhost:8080/savecategory</msg>
<status status="PASS" starttime="20250227 11:57:11.915" endtime="20250227 11:57:11.920"/>
</kw>
<kw name="Should Be Equal" library="BuiltIn">
<arg>${current_url}</arg>
<arg>${SAVE_CATEGORY_URL}</arg>
<doc>Fails if the given objects are unequal.</doc>
<status status="PASS" starttime="20250227 11:57:11.921" endtime="20250227 11:57:11.921"/>
</kw>
<kw name="Close Browser" library="SeleniumLibrary">
<doc>Closes the current browser.</doc>
<status status="PASS" starttime="20250227 11:57:11.921" endtime="20250227 11:57:14.259"/>
</kw>
<status status="PASS" starttime="20250227 11:57:11.745" endtime="20250227 11:57:14.260"/>
</test>
<status status="PASS" starttime="20250227 11:57:07.004" endtime="20250227 11:57:14.261"/>
</suite>
<statistics>
<total>
<stat pass="7" fail="0" skip="0">All Tests</stat>
</total>
<tag>
</tag>
<suite>
<stat pass="7" fail="0" skip="0" id="s1" name="category CRUD tests">category CRUD tests</stat>
</suite>
</statistics>
<errors>
<msg timestamp="20250227 11:57:11.745" level="WARN">Multiple tests with name 'Reject Category Without Characters' executed in suite 'category CRUD tests'.</msg>
</errors>
</robot>
