<?xml version="1.0" encoding="UTF-8"?>
<robot generator="Robot 6.1.1 (Python 3.11.0 on win32)" generated="20250224 11:06:39.675" rpa="false" schemaversion="4">
<suite id="s1" name="Robot Tests" source="C:\Users\attem\eclipse-workspace\bookstore\robot_tests">
<suite id="s1-s1" name="books CRUD tests" source="C:\Users\attem\eclipse-workspace\bookstore\robot_tests\books_CRUD_tests.robot">
<test id="s1-s1-t1" name="Login Before Adding New Book" line="19">
<kw name="Open Browser" library="SeleniumLibrary">
<arg>${LOGIN_URL}</arg>
<arg>Chrome</arg>
<doc>Opens a new browser instance to the optional ``url``.</doc>
<msg timestamp="20250224 11:06:40.101" level="INFO">Opening browser 'Chrome' to base url 'http://localhost:8080/login'.</msg>
<status status="PASS" starttime="20250224 11:06:40.101" endtime="20250224 11:06:44.055"/>
</kw>
<kw name="Input Text" library="SeleniumLibrary">
<arg>name=username</arg>
<arg>${USERNAME}</arg>
<doc>Types the given ``text`` into the text field identified by ``locator``.</doc>
<msg timestamp="20250224 11:06:44.060" level="INFO">Typing text 'admin' into text field 'name=username'.</msg>
<status status="PASS" starttime="20250224 11:06:44.055" endtime="20250224 11:06:44.231"/>
</kw>
<kw name="Input Text" library="SeleniumLibrary">
<arg>name=password</arg>
<arg>${PASSWORD}</arg>
<doc>Types the given ``text`` into the text field identified by ``locator``.</doc>
<msg timestamp="20250224 11:06:44.231" level="INFO">Typing text 'admin' into text field 'name=password'.</msg>
<status status="PASS" starttime="20250224 11:06:44.231" endtime="20250224 11:06:44.327"/>
</kw>
<kw name="Click Button" library="SeleniumLibrary">
<arg>xpath=//input[@type='submit']</arg>
<doc>Clicks the button identified by ``locator``.</doc>
<msg timestamp="20250224 11:06:44.329" level="INFO">Clicking button 'xpath=//input[@type='submit']'.</msg>
<status status="PASS" starttime="20250224 11:06:44.328" endtime="20250224 11:06:44.749"/>
</kw>
<kw name="Get Text" library="SeleniumLibrary">
<var>${welcome_text}</var>
<arg>xpath=//h3</arg>
<doc>Returns the text value of the element identified by ``locator``.</doc>
<msg timestamp="20250224 11:06:44.804" level="INFO">${welcome_text} = Welcome admin</msg>
<status status="PASS" starttime="20250224 11:06:44.749" endtime="20250224 11:06:44.804"/>
</kw>
<kw name="Should Contain" library="BuiltIn">
<arg>${welcome_text}</arg>
<arg>Welcome ${USERNAME}</arg>
<doc>Fails if ``container`` does not contain ``item`` one or more times.</doc>
<status status="PASS" starttime="20250224 11:06:44.804" endtime="20250224 11:06:44.805"/>
</kw>
<doc>Before adding new books user has to be logged in</doc>
<status status="PASS" starttime="20250224 11:06:40.101" endtime="20250224 11:06:44.805"/>
</test>
<test id="s1-s1-t2" name="Add New Book" line="30">
<kw name="Click Link" library="SeleniumLibrary">
<arg>xpath=//a[contains(@href, '/newbook')]</arg>
<doc>Clicks a link identified by ``locator``.</doc>
<msg timestamp="20250224 11:06:44.808" level="INFO">Clicking link 'xpath=//a[contains(@href, '/newbook')]'.</msg>
<status status="PASS" starttime="20250224 11:06:44.807" endtime="20250224 11:06:45.062"/>
</kw>
<kw name="Input Text" library="SeleniumLibrary">
<arg>xpath=//input[@name='title']</arg>
<arg>${BOOK_TITLE}</arg>
<doc>Types the given ``text`` into the text field identified by ``locator``.</doc>
<msg timestamp="20250224 11:06:45.066" level="INFO">Typing text 'Testi kirja' into text field 'xpath=//input[@name='title']'.</msg>
<status status="PASS" starttime="20250224 11:06:45.062" endtime="20250224 11:06:45.213"/>
</kw>
<kw name="Input Text" library="SeleniumLibrary">
<arg>xpath=//input[@name='author']</arg>
<arg>${BOOK_AUTHOR}</arg>
<doc>Types the given ``text`` into the text field identified by ``locator``.</doc>
<msg timestamp="20250224 11:06:45.215" level="INFO">Typing text 'Matti Testaaja' into text field 'xpath=//input[@name='author']'.</msg>
<status status="PASS" starttime="20250224 11:06:45.213" endtime="20250224 11:06:45.333"/>
</kw>
<kw name="Input Text" library="SeleniumLibrary">
<arg>xpath=//input[@name='isbn']</arg>
<arg>${BOOK_ISBN}</arg>
<doc>Types the given ``text`` into the text field identified by ``locator``.</doc>
<msg timestamp="20250224 11:06:45.334" level="INFO">Typing text '951-1-12345-8' into text field 'xpath=//input[@name='isbn']'.</msg>
<status status="PASS" starttime="20250224 11:06:45.333" endtime="20250224 11:06:45.445"/>
</kw>
<kw name="Input Text" library="SeleniumLibrary">
<arg>xpath=//input[@name='price']</arg>
<arg>${BOOK_PRICE}</arg>
<doc>Types the given ``text`` into the text field identified by ``locator``.</doc>
<msg timestamp="20250224 11:06:45.446" level="INFO">Typing text '20.00' into text field 'xpath=//input[@name='price']'.</msg>
<status status="PASS" starttime="20250224 11:06:45.445" endtime="20250224 11:06:45.523"/>
</kw>
<kw name="Input Text" library="SeleniumLibrary">
<arg>xpath=//input[@name='published']</arg>
<arg>${BOOK_PUBLISHED}</arg>
<doc>Types the given ``text`` into the text field identified by ``locator``.</doc>
<msg timestamp="20250224 11:06:45.525" level="INFO">Typing text '2025' into text field 'xpath=//input[@name='published']'.</msg>
<status status="PASS" starttime="20250224 11:06:45.524" endtime="20250224 11:06:45.603"/>
</kw>
<kw name="Select From List By Label" library="SeleniumLibrary">
<arg>id=category</arg>
<arg>${BOOK_CATEGORY}</arg>
<arg>${BOOK_CATEGORY}</arg>
<doc>Selects options from selection list ``locator`` by ``labels``.</doc>
<msg timestamp="20250224 11:06:45.604" level="INFO">Selecting options from selection list 'id=category' by labels Drama, Drama.</msg>
<status status="PASS" starttime="20250224 11:06:45.604" endtime="20250224 11:06:45.645"/>
</kw>
<kw name="Click Button" library="SeleniumLibrary">
<arg>xpath=//input[@type='submit']</arg>
<doc>Clicks the button identified by ``locator``.</doc>
<msg timestamp="20250224 11:06:45.645" level="INFO">Clicking button 'xpath=//input[@type='submit']'.</msg>
<status status="PASS" starttime="20250224 11:06:45.645" endtime="20250224 11:06:45.786"/>
</kw>
<kw name="Wait Until Page Contains" library="SeleniumLibrary">
<arg>${BOOK_TITLE}</arg>
<doc>Waits until ``text`` appears on the current page.</doc>
<status status="PASS" starttime="20250224 11:06:45.787" endtime="20250224 11:06:45.808"/>
</kw>
<kw name="Close Browser" library="SeleniumLibrary">
<doc>Closes the current browser.</doc>
<status status="PASS" starttime="20250224 11:06:45.808" endtime="20250224 11:06:48.098"/>
</kw>
<status status="PASS" starttime="20250224 11:06:44.807" endtime="20250224 11:06:48.098"/>
</test>
<status status="PASS" starttime="20250224 11:06:39.706" endtime="20250224 11:06:48.098"/>
</suite>
<suite id="s1-s2" name="Robot Tests" source="C:\Users\attem\eclipse-workspace\bookstore\robot_tests\robot_tests.robot">
<test id="s1-s2-t1" name="Run Signup Tests" line="11">
<kw name="Open Browser To Login Page" library="browser_keywords" type="SETUP">
<kw name="Open Browser" library="SeleniumLibrary">
<arg>${LOGIN_URL}</arg>
<arg>Chrome</arg>
<doc>Opens a new browser instance to the optional ``url``.</doc>
<msg timestamp="20250224 11:06:48.124" level="INFO">Opening browser 'Chrome' to base url 'http://localhost:8080/login'.</msg>
<status status="PASS" starttime="20250224 11:06:48.120" endtime="20250224 11:06:50.162"/>
</kw>
<kw name="Maximize Browser Window" library="SeleniumLibrary">
<doc>Maximizes current browser window.</doc>
<status status="PASS" starttime="20250224 11:06:50.162" endtime="20250224 11:06:50.250"/>
</kw>
<status status="PASS" starttime="20250224 11:06:48.120" endtime="20250224 11:06:50.250"/>
</kw>
<kw name="Run Keyword" library="BuiltIn">
<arg>User Can Register Successfully</arg>
<doc>Executes the given keyword with the given arguments.</doc>
<kw name="User Can Register Successfully">
<msg timestamp="20250224 11:06:50.258" level="FAIL">No keyword with name 'User Can Register Successfully' found.</msg>
<status status="FAIL" starttime="20250224 11:06:50.257" endtime="20250224 11:06:50.258"/>
</kw>
<status status="FAIL" starttime="20250224 11:06:50.253" endtime="20250224 11:06:50.258"/>
</kw>
<kw name="Run Keyword" library="BuiltIn">
<arg>User Registration With Existing Username</arg>
<doc>Executes the given keyword with the given arguments.</doc>
<status status="NOT RUN" starttime="20250224 11:06:50.260" endtime="20250224 11:06:50.260"/>
</kw>
<kw name="Run Keyword" library="BuiltIn">
<arg>User Registration With Invalid Password</arg>
<doc>Executes the given keyword with the given arguments.</doc>
<status status="NOT RUN" starttime="20250224 11:06:50.261" endtime="20250224 11:06:50.261"/>
</kw>
<kw name="Close Browser" library="browser_keywords" type="TEARDOWN">
<kw name="Close Browser" library="browser_keywords">
<kw name="Close Browser" library="browser_keywords">
<kw name="Close Browser" library="browser_keywords">
<kw name="Close Browser" library="browser_keywords">
<kw name="Close Browser" library="browser_keywords">
<kw name="Close Browser" library="browser_keywords">
<kw name="Close Browser" library="browser_keywords">
<kw name="Close Browser" library="browser_keywords">
<kw name="Close Browser" library="browser_keywords">
<kw name="Close Browser" library="browser_keywords">
<kw name="Close Browser" library="browser_keywords">
<kw name="Close Browser" library="browser_keywords">
<kw name="Close Browser" library="browser_keywords">
<kw name="Close Browser" library="browser_keywords">
<kw name="Close Browser" library="browser_keywords">
<kw name="Close Browser" library="browser_keywords">
<kw name="Close Browser" library="browser_keywords">
<kw name="Close Browser" library="browser_keywords">
<kw name="Close Browser" library="browser_keywords">
<kw name="Close Browser" library="browser_keywords">
<kw name="Close Browser" library="browser_keywords">
<kw name="Close Browser" library="browser_keywords">
<kw name="Close Browser" library="browser_keywords">
<kw name="Close Browser" library="browser_keywords">
<kw name="Close Browser" library="browser_keywords">
<kw name="Close Browser" library="browser_keywords">
<kw name="Close Browser" library="browser_keywords">
<kw name="Close Browser" library="browser_keywords">
<kw name="Close Browser" library="browser_keywords">
<kw name="Close Browser" library="browser_keywords">
<kw name="Close Browser" library="browser_keywords">
<kw name="Close Browser" library="browser_keywords">
<kw name="Close Browser" library="browser_keywords">
<kw name="Close Browser" library="browser_keywords">
<kw name="Close Browser" library="browser_keywords">
<kw name="Close Browser" library="browser_keywords">
<kw name="Close Browser" library="browser_keywords">
<kw name="Close Browser" library="browser_keywords">
<kw name="Close Browser" library="browser_keywords">
<kw name="Close Browser" library="browser_keywords">
<kw name="Close Browser" library="browser_keywords">
<kw name="Close Browser" library="browser_keywords">
<kw name="Close Browser" library="browser_keywords">
<kw name="Close Browser" library="browser_keywords">
<kw name="Close Browser" library="browser_keywords">
<kw name="Close Browser" library="browser_keywords">
<kw name="Close Browser" library="browser_keywords">
<kw name="Close Browser" library="browser_keywords">
<kw name="Close Browser" library="browser_keywords">
<kw name="Close Browser" library="browser_keywords">
<kw name="Close Browser" library="browser_keywords">
<kw name="Close Browser" library="browser_keywords">
<kw name="Close Browser" library="browser_keywords">
<kw name="Close Browser" library="browser_keywords">
<kw name="Close Browser" library="browser_keywords">
<kw name="Close Browser" library="browser_keywords">
<kw name="Close Browser" library="browser_keywords">
<kw name="Close Browser" library="browser_keywords">
<kw name="Close Browser" library="browser_keywords">
<kw name="Close Browser" library="browser_keywords">
<kw name="Close Browser" library="browser_keywords">
<kw name="Close Browser" library="browser_keywords">
<kw name="Close Browser" library="browser_keywords">
<kw name="Close Browser" library="browser_keywords">
<kw name="Close Browser" library="browser_keywords">
<kw name="Close Browser" library="browser_keywords">
<kw name="Close Browser" library="browser_keywords">
<kw name="Close Browser" library="browser_keywords">
<kw name="Close Browser" library="browser_keywords">
<kw name="Close Browser" library="browser_keywords">
<kw name="Close Browser" library="browser_keywords">
<kw name="Close Browser" library="browser_keywords">
<kw name="Close Browser" library="browser_keywords">
<kw name="Close Browser" library="browser_keywords">
<kw name="Close Browser" library="browser_keywords">
<kw name="Close Browser" library="browser_keywords">
<kw name="Close Browser" library="browser_keywords">
<kw name="Close Browser" library="browser_keywords">
<kw name="Close Browser" library="browser_keywords">
<kw name="Close Browser" library="browser_keywords">
<kw name="Close Browser" library="browser_keywords">
<kw name="Close Browser" library="browser_keywords">
<kw name="Close Browser" library="browser_keywords">
<kw name="Close Browser" library="browser_keywords">
<kw name="Close Browser" library="browser_keywords">
<kw name="Close Browser" library="browser_keywords">
<kw name="Close Browser" library="browser_keywords">
<kw name="Close Browser" library="browser_keywords">
<kw name="Close Browser" library="browser_keywords">
<kw name="Close Browser" library="browser_keywords">
<kw name="Close Browser" library="browser_keywords">
<kw name="Close Browser" library="browser_keywords">
<kw name="Close Browser" library="browser_keywords">
<kw name="Close Browser" library="browser_keywords">
<kw name="Close Browser" library="browser_keywords">
<kw name="Close Browser" library="browser_keywords">
<kw name="Close Browser" library="browser_keywords">
<kw name="Close Browser" library="browser_keywords">
<kw name="Close Browser" library="browser_keywords">
<msg timestamp="20250224 11:06:50.304" level="FAIL">Maximum limit of started keywords and control structures exceeded.</msg>
<status status="FAIL" starttime="20250224 11:06:50.303" endtime="20250224 11:06:50.304"/>
</kw>
<status status="FAIL" starttime="20250224 11:06:50.302" endtime="20250224 11:06:50.304"/>
</kw>
<status status="FAIL" starttime="20250224 11:06:50.302" endtime="20250224 11:06:50.304"/>
</kw>
<status status="FAIL" starttime="20250224 11:06:50.302" endtime="20250224 11:06:50.305"/>
</kw>
<status status="FAIL" starttime="20250224 11:06:50.302" endtime="20250224 11:06:50.305"/>
</kw>
<status status="FAIL" starttime="20250224 11:06:50.301" endtime="20250224 11:06:50.305"/>
</kw>
<status status="FAIL" starttime="20250224 11:06:50.301" endtime="20250224 11:06:50.305"/>
</kw>
<status status="FAIL" starttime="20250224 11:06:50.301" endtime="20250224 11:06:50.305"/>
</kw>
<status status="FAIL" starttime="20250224 11:06:50.301" endtime="20250224 11:06:50.305"/>
</kw>
<status status="FAIL" starttime="20250224 11:06:50.300" endtime="20250224 11:06:50.306"/>
</kw>
<status status="FAIL" starttime="20250224 11:06:50.300" endtime="20250224 11:06:50.306"/>
</kw>
<status status="FAIL" starttime="20250224 11:06:50.299" endtime="20250224 11:06:50.306"/>
</kw>
<status status="FAIL" starttime="20250224 11:06:50.298" endtime="20250224 11:06:50.307"/>
</kw>
<status status="FAIL" starttime="20250224 11:06:50.298" endtime="20250224 11:06:50.307"/>
</kw>
<status status="FAIL" starttime="20250224 11:06:50.298" endtime="20250224 11:06:50.307"/>
</kw>
<status status="FAIL" starttime="20250224 11:06:50.297" endtime="20250224 11:06:50.307"/>
</kw>
<status status="FAIL" starttime="20250224 11:06:50.297" endtime="20250224 11:06:50.307"/>
</kw>
<status status="FAIL" starttime="20250224 11:06:50.297" endtime="20250224 11:06:50.307"/>
</kw>
<status status="FAIL" starttime="20250224 11:06:50.296" endtime="20250224 11:06:50.307"/>
</kw>
<status status="FAIL" starttime="20250224 11:06:50.296" endtime="20250224 11:06:50.308"/>
</kw>
<status status="FAIL" starttime="20250224 11:06:50.295" endtime="20250224 11:06:50.309"/>
</kw>
<status status="FAIL" starttime="20250224 11:06:50.295" endtime="20250224 11:06:50.309"/>
</kw>
<status status="FAIL" starttime="20250224 11:06:50.295" endtime="20250224 11:06:50.309"/>
</kw>
<status status="FAIL" starttime="20250224 11:06:50.295" endtime="20250224 11:06:50.309"/>
</kw>
<status status="FAIL" starttime="20250224 11:06:50.294" endtime="20250224 11:06:50.310"/>
</kw>
<status status="FAIL" starttime="20250224 11:06:50.293" endtime="20250224 11:06:50.310"/>
</kw>
<status status="FAIL" starttime="20250224 11:06:50.293" endtime="20250224 11:06:50.310"/>
</kw>
<status status="FAIL" starttime="20250224 11:06:50.293" endtime="20250224 11:06:50.310"/>
</kw>
<status status="FAIL" starttime="20250224 11:06:50.293" endtime="20250224 11:06:50.310"/>
</kw>
<status status="FAIL" starttime="20250224 11:06:50.293" endtime="20250224 11:06:50.311"/>
</kw>
<status status="FAIL" starttime="20250224 11:06:50.292" endtime="20250224 11:06:50.311"/>
</kw>
<status status="FAIL" starttime="20250224 11:06:50.292" endtime="20250224 11:06:50.311"/>
</kw>
<status status="FAIL" starttime="20250224 11:06:50.292" endtime="20250224 11:06:50.311"/>
</kw>
<status status="FAIL" starttime="20250224 11:06:50.292" endtime="20250224 11:06:50.311"/>
</kw>
<status status="FAIL" starttime="20250224 11:06:50.292" endtime="20250224 11:06:50.311"/>
</kw>
<status status="FAIL" starttime="20250224 11:06:50.291" endtime="20250224 11:06:50.311"/>
</kw>
<status status="FAIL" starttime="20250224 11:06:50.291" endtime="20250224 11:06:50.312"/>
</kw>
<status status="FAIL" starttime="20250224 11:06:50.291" endtime="20250224 11:06:50.312"/>
</kw>
<status status="FAIL" starttime="20250224 11:06:50.291" endtime="20250224 11:06:50.312"/>
</kw>
<status status="FAIL" starttime="20250224 11:06:50.290" endtime="20250224 11:06:50.312"/>
</kw>
<status status="FAIL" starttime="20250224 11:06:50.289" endtime="20250224 11:06:50.312"/>
</kw>
<status status="FAIL" starttime="20250224 11:06:50.289" endtime="20250224 11:06:50.312"/>
</kw>
<status status="FAIL" starttime="20250224 11:06:50.289" endtime="20250224 11:06:50.312"/>
</kw>
<status status="FAIL" starttime="20250224 11:06:50.288" endtime="20250224 11:06:50.312"/>
</kw>
<status status="FAIL" starttime="20250224 11:06:50.288" endtime="20250224 11:06:50.312"/>
</kw>
<status status="FAIL" starttime="20250224 11:06:50.288" endtime="20250224 11:06:50.312"/>
</kw>
<status status="FAIL" starttime="20250224 11:06:50.287" endtime="20250224 11:06:50.312"/>
</kw>
<status status="FAIL" starttime="20250224 11:06:50.287" endtime="20250224 11:06:50.312"/>
</kw>
<status status="FAIL" starttime="20250224 11:06:50.287" endtime="20250224 11:06:50.313"/>
</kw>
<status status="FAIL" starttime="20250224 11:06:50.287" endtime="20250224 11:06:50.313"/>
</kw>
<status status="FAIL" starttime="20250224 11:06:50.287" endtime="20250224 11:06:50.313"/>
</kw>
<status status="FAIL" starttime="20250224 11:06:50.286" endtime="20250224 11:06:50.314"/>
</kw>
<status status="FAIL" starttime="20250224 11:06:50.286" endtime="20250224 11:06:50.314"/>
</kw>
<status status="FAIL" starttime="20250224 11:06:50.286" endtime="20250224 11:06:50.314"/>
</kw>
<status status="FAIL" starttime="20250224 11:06:50.286" endtime="20250224 11:06:50.314"/>
</kw>
<status status="FAIL" starttime="20250224 11:06:50.285" endtime="20250224 11:06:50.314"/>
</kw>
<status status="FAIL" starttime="20250224 11:06:50.284" endtime="20250224 11:06:50.315"/>
</kw>
<status status="FAIL" starttime="20250224 11:06:50.283" endtime="20250224 11:06:50.315"/>
</kw>
<status status="FAIL" starttime="20250224 11:06:50.283" endtime="20250224 11:06:50.315"/>
</kw>
<status status="FAIL" starttime="20250224 11:06:50.283" endtime="20250224 11:06:50.315"/>
</kw>
<status status="FAIL" starttime="20250224 11:06:50.283" endtime="20250224 11:06:50.315"/>
</kw>
<status status="FAIL" starttime="20250224 11:06:50.282" endtime="20250224 11:06:50.315"/>
</kw>
<status status="FAIL" starttime="20250224 11:06:50.282" endtime="20250224 11:06:50.315"/>
</kw>
<status status="FAIL" starttime="20250224 11:06:50.282" endtime="20250224 11:06:50.315"/>
</kw>
<status status="FAIL" starttime="20250224 11:06:50.282" endtime="20250224 11:06:50.315"/>
</kw>
<status status="FAIL" starttime="20250224 11:06:50.281" endtime="20250224 11:06:50.315"/>
</kw>
<status status="FAIL" starttime="20250224 11:06:50.281" endtime="20250224 11:06:50.315"/>
</kw>
<status status="FAIL" starttime="20250224 11:06:50.280" endtime="20250224 11:06:50.315"/>
</kw>
<status status="FAIL" starttime="20250224 11:06:50.274" endtime="20250224 11:06:50.315"/>
</kw>
<status status="FAIL" starttime="20250224 11:06:50.274" endtime="20250224 11:06:50.315"/>
</kw>
<status status="FAIL" starttime="20250224 11:06:50.274" endtime="20250224 11:06:50.315"/>
</kw>
<status status="FAIL" starttime="20250224 11:06:50.274" endtime="20250224 11:06:50.317"/>
</kw>
<status status="FAIL" starttime="20250224 11:06:50.273" endtime="20250224 11:06:50.317"/>
</kw>
<status status="FAIL" starttime="20250224 11:06:50.273" endtime="20250224 11:06:50.317"/>
</kw>
<status status="FAIL" starttime="20250224 11:06:50.273" endtime="20250224 11:06:50.317"/>
</kw>
<status status="FAIL" starttime="20250224 11:06:50.273" endtime="20250224 11:06:50.317"/>
</kw>
<status status="FAIL" starttime="20250224 11:06:50.272" endtime="20250224 11:06:50.317"/>
</kw>
<status status="FAIL" starttime="20250224 11:06:50.272" endtime="20250224 11:06:50.317"/>
</kw>
<status status="FAIL" starttime="20250224 11:06:50.272" endtime="20250224 11:06:50.317"/>
</kw>
<status status="FAIL" starttime="20250224 11:06:50.272" endtime="20250224 11:06:50.317"/>
</kw>
<status status="FAIL" starttime="20250224 11:06:50.272" endtime="20250224 11:06:50.317"/>
</kw>
<status status="FAIL" starttime="20250224 11:06:50.271" endtime="20250224 11:06:50.317"/>
</kw>
<status status="FAIL" starttime="20250224 11:06:50.271" endtime="20250224 11:06:50.317"/>
</kw>
<status status="FAIL" starttime="20250224 11:06:50.271" endtime="20250224 11:06:50.317"/>
</kw>
<status status="FAIL" starttime="20250224 11:06:50.271" endtime="20250224 11:06:50.319"/>
</kw>
<status status="FAIL" starttime="20250224 11:06:50.270" endtime="20250224 11:06:50.319"/>
</kw>
<status status="FAIL" starttime="20250224 11:06:50.270" endtime="20250224 11:06:50.319"/>
</kw>
<status status="FAIL" starttime="20250224 11:06:50.270" endtime="20250224 11:06:50.319"/>
</kw>
<status status="FAIL" starttime="20250224 11:06:50.268" endtime="20250224 11:06:50.319"/>
</kw>
<status status="FAIL" starttime="20250224 11:06:50.268" endtime="20250224 11:06:50.319"/>
</kw>
<status status="FAIL" starttime="20250224 11:06:50.267" endtime="20250224 11:06:50.319"/>
</kw>
<status status="FAIL" starttime="20250224 11:06:50.267" endtime="20250224 11:06:50.319"/>
</kw>
<status status="FAIL" starttime="20250224 11:06:50.265" endtime="20250224 11:06:50.321"/>
</kw>
<status status="FAIL" starttime="20250224 11:06:50.265" endtime="20250224 11:06:50.321"/>
</kw>
<status status="FAIL" starttime="20250224 11:06:50.264" endtime="20250224 11:06:50.321"/>
</kw>
<status status="FAIL" starttime="20250224 11:06:50.264" endtime="20250224 11:06:50.321"/>
</kw>
<status status="FAIL" starttime="20250224 11:06:50.264" endtime="20250224 11:06:50.321"/>
</kw>
<status status="FAIL" starttime="20250224 11:06:50.264" endtime="20250224 11:06:50.321"/>
</kw>
<status status="FAIL" starttime="20250224 11:06:50.263" endtime="20250224 11:06:50.321"/>
</kw>
<status status="FAIL" starttime="20250224 11:06:50.262" endtime="20250224 11:06:50.321">Maximum limit of started keywords and control structures exceeded.</status>
</kw>
<status status="FAIL" starttime="20250224 11:06:48.120" endtime="20250224 11:06:50.321">No keyword with name 'User Can Register Successfully' found.

Also teardown failed:
Maximum limit of started keywords and control structures exceeded.</status>
</test>
<test id="s1-s2-t2" name="Run Login Tests" line="16">
<kw name="Open Browser To Login Page" library="browser_keywords" type="SETUP">
<kw name="Open Browser" library="SeleniumLibrary">
<arg>${LOGIN_URL}</arg>
<arg>Chrome</arg>
<doc>Opens a new browser instance to the optional ``url``.</doc>
<msg timestamp="20250224 11:06:50.326" level="INFO">Opening browser 'Chrome' to base url 'http://localhost:8080/login'.</msg>
<status status="PASS" starttime="20250224 11:06:50.325" endtime="20250224 11:06:52.805"/>
</kw>
<kw name="Maximize Browser Window" library="SeleniumLibrary">
<doc>Maximizes current browser window.</doc>
<status status="PASS" starttime="20250224 11:06:52.805" endtime="20250224 11:06:52.904"/>
</kw>
<status status="PASS" starttime="20250224 11:06:50.325" endtime="20250224 11:06:52.905"/>
</kw>
<kw name="Run Keyword" library="BuiltIn">
<arg>User Can Login Successfully</arg>
<doc>Executes the given keyword with the given arguments.</doc>
<kw name="User Can Login Successfully">
<msg timestamp="20250224 11:06:52.912" level="FAIL">No keyword with name 'User Can Login Successfully' found.</msg>
<status status="FAIL" starttime="20250224 11:06:52.911" endtime="20250224 11:06:52.912"/>
</kw>
<status status="FAIL" starttime="20250224 11:06:52.907" endtime="20250224 11:06:52.912"/>
</kw>
<kw name="Run Keyword" library="BuiltIn">
<arg>User Login With Invalid Credentials</arg>
<doc>Executes the given keyword with the given arguments.</doc>
<status status="NOT RUN" starttime="20250224 11:06:52.921" endtime="20250224 11:06:52.921"/>
</kw>
<kw name="Close Browser" library="browser_keywords" type="TEARDOWN">
<kw name="Close Browser" library="browser_keywords">
<kw name="Close Browser" library="browser_keywords">
<kw name="Close Browser" library="browser_keywords">
<kw name="Close Browser" library="browser_keywords">
<kw name="Close Browser" library="browser_keywords">
<kw name="Close Browser" library="browser_keywords">
<kw name="Close Browser" library="browser_keywords">
<kw name="Close Browser" library="browser_keywords">
<kw name="Close Browser" library="browser_keywords">
<kw name="Close Browser" library="browser_keywords">
<kw name="Close Browser" library="browser_keywords">
<kw name="Close Browser" library="browser_keywords">
<kw name="Close Browser" library="browser_keywords">
<kw name="Close Browser" library="browser_keywords">
<kw name="Close Browser" library="browser_keywords">
<kw name="Close Browser" library="browser_keywords">
<kw name="Close Browser" library="browser_keywords">
<kw name="Close Browser" library="browser_keywords">
<kw name="Close Browser" library="browser_keywords">
<kw name="Close Browser" library="browser_keywords">
<kw name="Close Browser" library="browser_keywords">
<kw name="Close Browser" library="browser_keywords">
<kw name="Close Browser" library="browser_keywords">
<kw name="Close Browser" library="browser_keywords">
<kw name="Close Browser" library="browser_keywords">
<kw name="Close Browser" library="browser_keywords">
<kw name="Close Browser" library="browser_keywords">
<kw name="Close Browser" library="browser_keywords">
<kw name="Close Browser" library="browser_keywords">
<kw name="Close Browser" library="browser_keywords">
<kw name="Close Browser" library="browser_keywords">
<kw name="Close Browser" library="browser_keywords">
<kw name="Close Browser" library="browser_keywords">
<kw name="Close Browser" library="browser_keywords">
<kw name="Close Browser" library="browser_keywords">
<kw name="Close Browser" library="browser_keywords">
<kw name="Close Browser" library="browser_keywords">
<kw name="Close Browser" library="browser_keywords">
<kw name="Close Browser" library="browser_keywords">
<kw name="Close Browser" library="browser_keywords">
<kw name="Close Browser" library="browser_keywords">
<kw name="Close Browser" library="browser_keywords">
<kw name="Close Browser" library="browser_keywords">
<kw name="Close Browser" library="browser_keywords">
<kw name="Close Browser" library="browser_keywords">
<kw name="Close Browser" library="browser_keywords">
<kw name="Close Browser" library="browser_keywords">
<kw name="Close Browser" library="browser_keywords">
<kw name="Close Browser" library="browser_keywords">
<kw name="Close Browser" library="browser_keywords">
<kw name="Close Browser" library="browser_keywords">
<kw name="Close Browser" library="browser_keywords">
<kw name="Close Browser" library="browser_keywords">
<kw name="Close Browser" library="browser_keywords">
<kw name="Close Browser" library="browser_keywords">
<kw name="Close Browser" library="browser_keywords">
<kw name="Close Browser" library="browser_keywords">
<kw name="Close Browser" library="browser_keywords">
<kw name="Close Browser" library="browser_keywords">
<kw name="Close Browser" library="browser_keywords">
<kw name="Close Browser" library="browser_keywords">
<kw name="Close Browser" library="browser_keywords">
<kw name="Close Browser" library="browser_keywords">
<kw name="Close Browser" library="browser_keywords">
<kw name="Close Browser" library="browser_keywords">
<kw name="Close Browser" library="browser_keywords">
<kw name="Close Browser" library="browser_keywords">
<kw name="Close Browser" library="browser_keywords">
<kw name="Close Browser" library="browser_keywords">
<kw name="Close Browser" library="browser_keywords">
<kw name="Close Browser" library="browser_keywords">
<kw name="Close Browser" library="browser_keywords">
<kw name="Close Browser" library="browser_keywords">
<kw name="Close Browser" library="browser_keywords">
<kw name="Close Browser" library="browser_keywords">
<kw name="Close Browser" library="browser_keywords">
<kw name="Close Browser" library="browser_keywords">
<kw name="Close Browser" library="browser_keywords">
<kw name="Close Browser" library="browser_keywords">
<kw name="Close Browser" library="browser_keywords">
<kw name="Close Browser" library="browser_keywords">
<kw name="Close Browser" library="browser_keywords">
<kw name="Close Browser" library="browser_keywords">
<kw name="Close Browser" library="browser_keywords">
<kw name="Close Browser" library="browser_keywords">
<kw name="Close Browser" library="browser_keywords">
<kw name="Close Browser" library="browser_keywords">
<kw name="Close Browser" library="browser_keywords">
<kw name="Close Browser" library="browser_keywords">
<kw name="Close Browser" library="browser_keywords">
<kw name="Close Browser" library="browser_keywords">
<kw name="Close Browser" library="browser_keywords">
<kw name="Close Browser" library="browser_keywords">
<kw name="Close Browser" library="browser_keywords">
<kw name="Close Browser" library="browser_keywords">
<kw name="Close Browser" library="browser_keywords">
<kw name="Close Browser" library="browser_keywords">
<kw name="Close Browser" library="browser_keywords">
<msg timestamp="20250224 11:06:52.974" level="FAIL">Maximum limit of started keywords and control structures exceeded.</msg>
<status status="FAIL" starttime="20250224 11:06:52.974" endtime="20250224 11:06:52.974"/>
</kw>
<status status="FAIL" starttime="20250224 11:06:52.974" endtime="20250224 11:06:52.974"/>
</kw>
<status status="FAIL" starttime="20250224 11:06:52.974" endtime="20250224 11:06:52.974"/>
</kw>
<status status="FAIL" starttime="20250224 11:06:52.974" endtime="20250224 11:06:52.976"/>
</kw>
<status status="FAIL" starttime="20250224 11:06:52.974" endtime="20250224 11:06:52.976"/>
</kw>
<status status="FAIL" starttime="20250224 11:06:52.973" endtime="20250224 11:06:52.976"/>
</kw>
<status status="FAIL" starttime="20250224 11:06:52.972" endtime="20250224 11:06:52.976"/>
</kw>
<status status="FAIL" starttime="20250224 11:06:52.972" endtime="20250224 11:06:52.976"/>
</kw>
<status status="FAIL" starttime="20250224 11:06:52.971" endtime="20250224 11:06:52.976"/>
</kw>
<status status="FAIL" starttime="20250224 11:06:52.970" endtime="20250224 11:06:52.976"/>
</kw>
<status status="FAIL" starttime="20250224 11:06:52.970" endtime="20250224 11:06:52.976"/>
</kw>
<status status="FAIL" starttime="20250224 11:06:52.970" endtime="20250224 11:06:52.978"/>
</kw>
<status status="FAIL" starttime="20250224 11:06:52.970" endtime="20250224 11:06:52.978"/>
</kw>
<status status="FAIL" starttime="20250224 11:06:52.969" endtime="20250224 11:06:52.978"/>
</kw>
<status status="FAIL" starttime="20250224 11:06:52.969" endtime="20250224 11:06:52.978"/>
</kw>
<status status="FAIL" starttime="20250224 11:06:52.969" endtime="20250224 11:06:52.978"/>
</kw>
<status status="FAIL" starttime="20250224 11:06:52.968" endtime="20250224 11:06:52.978"/>
</kw>
<status status="FAIL" starttime="20250224 11:06:52.965" endtime="20250224 11:06:52.979"/>
</kw>
<status status="FAIL" starttime="20250224 11:06:52.963" endtime="20250224 11:06:52.979"/>
</kw>
<status status="FAIL" starttime="20250224 11:06:52.963" endtime="20250224 11:06:52.979"/>
</kw>
<status status="FAIL" starttime="20250224 11:06:52.961" endtime="20250224 11:06:52.979"/>
</kw>
<status status="FAIL" starttime="20250224 11:06:52.961" endtime="20250224 11:06:52.979"/>
</kw>
<status status="FAIL" starttime="20250224 11:06:52.959" endtime="20250224 11:06:52.980"/>
</kw>
<status status="FAIL" starttime="20250224 11:06:52.959" endtime="20250224 11:06:52.980"/>
</kw>
<status status="FAIL" starttime="20250224 11:06:52.959" endtime="20250224 11:06:52.980"/>
</kw>
<status status="FAIL" starttime="20250224 11:06:52.959" endtime="20250224 11:06:52.980"/>
</kw>
<status status="FAIL" starttime="20250224 11:06:52.957" endtime="20250224 11:06:52.980"/>
</kw>
<status status="FAIL" starttime="20250224 11:06:52.957" endtime="20250224 11:06:52.980"/>
</kw>
<status status="FAIL" starttime="20250224 11:06:52.957" endtime="20250224 11:06:52.981"/>
</kw>
<status status="FAIL" starttime="20250224 11:06:52.957" endtime="20250224 11:06:52.981"/>
</kw>
<status status="FAIL" starttime="20250224 11:06:52.957" endtime="20250224 11:06:52.981"/>
</kw>
<status status="FAIL" starttime="20250224 11:06:52.957" endtime="20250224 11:06:52.981"/>
</kw>
<status status="FAIL" starttime="20250224 11:06:52.957" endtime="20250224 11:06:52.981"/>
</kw>
<status status="FAIL" starttime="20250224 11:06:52.955" endtime="20250224 11:06:52.981"/>
</kw>
<status status="FAIL" starttime="20250224 11:06:52.953" endtime="20250224 11:06:52.981"/>
</kw>
<status status="FAIL" starttime="20250224 11:06:52.951" endtime="20250224 11:06:52.981"/>
</kw>
<status status="FAIL" starttime="20250224 11:06:52.950" endtime="20250224 11:06:52.981"/>
</kw>
<status status="FAIL" starttime="20250224 11:06:52.949" endtime="20250224 11:06:52.981"/>
</kw>
<status status="FAIL" starttime="20250224 11:06:52.947" endtime="20250224 11:06:52.981"/>
</kw>
<status status="FAIL" starttime="20250224 11:06:52.944" endtime="20250224 11:06:52.981"/>
</kw>
<status status="FAIL" starttime="20250224 11:06:52.944" endtime="20250224 11:06:52.981"/>
</kw>
<status status="FAIL" starttime="20250224 11:06:52.944" endtime="20250224 11:06:52.981"/>
</kw>
<status status="FAIL" starttime="20250224 11:06:52.944" endtime="20250224 11:06:52.981"/>
</kw>
<status status="FAIL" starttime="20250224 11:06:52.942" endtime="20250224 11:06:52.983"/>
</kw>
<status status="FAIL" starttime="20250224 11:06:52.942" endtime="20250224 11:06:52.983"/>
</kw>
<status status="FAIL" starttime="20250224 11:06:52.942" endtime="20250224 11:06:52.983"/>
</kw>
<status status="FAIL" starttime="20250224 11:06:52.942" endtime="20250224 11:06:52.983"/>
</kw>
<status status="FAIL" starttime="20250224 11:06:52.942" endtime="20250224 11:06:52.983"/>
</kw>
<status status="FAIL" starttime="20250224 11:06:52.942" endtime="20250224 11:06:52.983"/>
</kw>
<status status="FAIL" starttime="20250224 11:06:52.942" endtime="20250224 11:06:52.983"/>
</kw>
<status status="FAIL" starttime="20250224 11:06:52.942" endtime="20250224 11:06:52.983"/>
</kw>
<status status="FAIL" starttime="20250224 11:06:52.942" endtime="20250224 11:06:52.983"/>
</kw>
<status status="FAIL" starttime="20250224 11:06:52.942" endtime="20250224 11:06:52.983"/>
</kw>
<status status="FAIL" starttime="20250224 11:06:52.940" endtime="20250224 11:06:52.983"/>
</kw>
<status status="FAIL" starttime="20250224 11:06:52.940" endtime="20250224 11:06:52.983"/>
</kw>
<status status="FAIL" starttime="20250224 11:06:52.940" endtime="20250224 11:06:52.985"/>
</kw>
<status status="FAIL" starttime="20250224 11:06:52.940" endtime="20250224 11:06:52.985"/>
</kw>
<status status="FAIL" starttime="20250224 11:06:52.940" endtime="20250224 11:06:52.985"/>
</kw>
<status status="FAIL" starttime="20250224 11:06:52.940" endtime="20250224 11:06:52.985"/>
</kw>
<status status="FAIL" starttime="20250224 11:06:52.938" endtime="20250224 11:06:52.985"/>
</kw>
<status status="FAIL" starttime="20250224 11:06:52.938" endtime="20250224 11:06:52.985"/>
</kw>
<status status="FAIL" starttime="20250224 11:06:52.938" endtime="20250224 11:06:52.985"/>
</kw>
<status status="FAIL" starttime="20250224 11:06:52.938" endtime="20250224 11:06:52.985"/>
</kw>
<status status="FAIL" starttime="20250224 11:06:52.938" endtime="20250224 11:06:52.985"/>
</kw>
<status status="FAIL" starttime="20250224 11:06:52.938" endtime="20250224 11:06:52.985"/>
</kw>
<status status="FAIL" starttime="20250224 11:06:52.938" endtime="20250224 11:06:52.985"/>
</kw>
<status status="FAIL" starttime="20250224 11:06:52.938" endtime="20250224 11:06:52.985"/>
</kw>
<status status="FAIL" starttime="20250224 11:06:52.938" endtime="20250224 11:06:52.985"/>
</kw>
<status status="FAIL" starttime="20250224 11:06:52.936" endtime="20250224 11:06:52.985"/>
</kw>
<status status="FAIL" starttime="20250224 11:06:52.936" endtime="20250224 11:06:52.987"/>
</kw>
<status status="FAIL" starttime="20250224 11:06:52.936" endtime="20250224 11:06:52.987"/>
</kw>
<status status="FAIL" starttime="20250224 11:06:52.936" endtime="20250224 11:06:52.987"/>
</kw>
<status status="FAIL" starttime="20250224 11:06:52.934" endtime="20250224 11:06:52.987"/>
</kw>
<status status="FAIL" starttime="20250224 11:06:52.934" endtime="20250224 11:06:52.987"/>
</kw>
<status status="FAIL" starttime="20250224 11:06:52.934" endtime="20250224 11:06:52.987"/>
</kw>
<status status="FAIL" starttime="20250224 11:06:52.934" endtime="20250224 11:06:52.987"/>
</kw>
<status status="FAIL" starttime="20250224 11:06:52.934" endtime="20250224 11:06:52.987"/>
</kw>
<status status="FAIL" starttime="20250224 11:06:52.934" endtime="20250224 11:06:52.987"/>
</kw>
<status status="FAIL" starttime="20250224 11:06:52.934" endtime="20250224 11:06:52.987"/>
</kw>
<status status="FAIL" starttime="20250224 11:06:52.934" endtime="20250224 11:06:52.987"/>
</kw>
<status status="FAIL" starttime="20250224 11:06:52.934" endtime="20250224 11:06:52.987"/>
</kw>
<status status="FAIL" starttime="20250224 11:06:52.932" endtime="20250224 11:06:52.989"/>
</kw>
<status status="FAIL" starttime="20250224 11:06:52.932" endtime="20250224 11:06:52.989"/>
</kw>
<status status="FAIL" starttime="20250224 11:06:52.932" endtime="20250224 11:06:52.989"/>
</kw>
<status status="FAIL" starttime="20250224 11:06:52.932" endtime="20250224 11:06:52.989"/>
</kw>
<status status="FAIL" starttime="20250224 11:06:52.930" endtime="20250224 11:06:52.989"/>
</kw>
<status status="FAIL" starttime="20250224 11:06:52.930" endtime="20250224 11:06:52.989"/>
</kw>
<status status="FAIL" starttime="20250224 11:06:52.930" endtime="20250224 11:06:52.989"/>
</kw>
<status status="FAIL" starttime="20250224 11:06:52.929" endtime="20250224 11:06:52.989"/>
</kw>
<status status="FAIL" starttime="20250224 11:06:52.927" endtime="20250224 11:06:52.989"/>
</kw>
<status status="FAIL" starttime="20250224 11:06:52.927" endtime="20250224 11:06:52.989"/>
</kw>
<status status="FAIL" starttime="20250224 11:06:52.927" endtime="20250224 11:06:52.991"/>
</kw>
<status status="FAIL" starttime="20250224 11:06:52.927" endtime="20250224 11:06:52.991"/>
</kw>
<status status="FAIL" starttime="20250224 11:06:52.927" endtime="20250224 11:06:52.991"/>
</kw>
<status status="FAIL" starttime="20250224 11:06:52.926" endtime="20250224 11:06:52.991"/>
</kw>
<status status="FAIL" starttime="20250224 11:06:52.926" endtime="20250224 11:06:52.991"/>
</kw>
<status status="FAIL" starttime="20250224 11:06:52.926" endtime="20250224 11:06:52.991"/>
</kw>
<status status="FAIL" starttime="20250224 11:06:52.926" endtime="20250224 11:06:52.991"/>
</kw>
<status status="FAIL" starttime="20250224 11:06:52.925" endtime="20250224 11:06:52.991">Maximum limit of started keywords and control structures exceeded.</status>
</kw>
<status status="FAIL" starttime="20250224 11:06:50.324" endtime="20250224 11:06:52.993">No keyword with name 'User Can Login Successfully' found.

Also teardown failed:
Maximum limit of started keywords and control structures exceeded.</status>
</test>
<test id="s1-s2-t3" name="Run Logout Tests" line="20">
<kw name="Open Browser To Login Page" library="browser_keywords" type="SETUP">
<kw name="Open Browser" library="SeleniumLibrary">
<arg>${LOGIN_URL}</arg>
<arg>Chrome</arg>
<doc>Opens a new browser instance to the optional ``url``.</doc>
<msg timestamp="20250224 11:06:53.006" level="INFO">Opening browser 'Chrome' to base url 'http://localhost:8080/login'.</msg>
<status status="PASS" starttime="20250224 11:06:53.005" endtime="20250224 11:06:56.276"/>
</kw>
<kw name="Maximize Browser Window" library="SeleniumLibrary">
<doc>Maximizes current browser window.</doc>
<status status="PASS" starttime="20250224 11:06:56.276" endtime="20250224 11:06:56.353"/>
</kw>
<status status="PASS" starttime="20250224 11:06:53.005" endtime="20250224 11:06:56.353"/>
</kw>
<kw name="Run Keyword" library="BuiltIn">
<arg>User Can Logout Successfully</arg>
<doc>Executes the given keyword with the given arguments.</doc>
<kw name="User Can Logout Successfully">
<msg timestamp="20250224 11:06:56.364" level="FAIL">No keyword with name 'User Can Logout Successfully' found.</msg>
<status status="FAIL" starttime="20250224 11:06:56.364" endtime="20250224 11:06:56.365"/>
</kw>
<status status="FAIL" starttime="20250224 11:06:56.356" endtime="20250224 11:06:56.365"/>
</kw>
<kw name="Close Browser" library="browser_keywords" type="TEARDOWN">
<kw name="Close Browser" library="browser_keywords">
<kw name="Close Browser" library="browser_keywords">
<kw name="Close Browser" library="browser_keywords">
<kw name="Close Browser" library="browser_keywords">
<kw name="Close Browser" library="browser_keywords">
<kw name="Close Browser" library="browser_keywords">
<kw name="Close Browser" library="browser_keywords">
<kw name="Close Browser" library="browser_keywords">
<kw name="Close Browser" library="browser_keywords">
<kw name="Close Browser" library="browser_keywords">
<kw name="Close Browser" library="browser_keywords">
<kw name="Close Browser" library="browser_keywords">
<kw name="Close Browser" library="browser_keywords">
<kw name="Close Browser" library="browser_keywords">
<kw name="Close Browser" library="browser_keywords">
<kw name="Close Browser" library="browser_keywords">
<kw name="Close Browser" library="browser_keywords">
<kw name="Close Browser" library="browser_keywords">
<kw name="Close Browser" library="browser_keywords">
<kw name="Close Browser" library="browser_keywords">
<kw name="Close Browser" library="browser_keywords">
<kw name="Close Browser" library="browser_keywords">
<kw name="Close Browser" library="browser_keywords">
<kw name="Close Browser" library="browser_keywords">
<kw name="Close Browser" library="browser_keywords">
<kw name="Close Browser" library="browser_keywords">
<kw name="Close Browser" library="browser_keywords">
<kw name="Close Browser" library="browser_keywords">
<kw name="Close Browser" library="browser_keywords">
<kw name="Close Browser" library="browser_keywords">
<kw name="Close Browser" library="browser_keywords">
<kw name="Close Browser" library="browser_keywords">
<kw name="Close Browser" library="browser_keywords">
<kw name="Close Browser" library="browser_keywords">
<kw name="Close Browser" library="browser_keywords">
<kw name="Close Browser" library="browser_keywords">
<kw name="Close Browser" library="browser_keywords">
<kw name="Close Browser" library="browser_keywords">
<kw name="Close Browser" library="browser_keywords">
<kw name="Close Browser" library="browser_keywords">
<kw name="Close Browser" library="browser_keywords">
<kw name="Close Browser" library="browser_keywords">
<kw name="Close Browser" library="browser_keywords">
<kw name="Close Browser" library="browser_keywords">
<kw name="Close Browser" library="browser_keywords">
<kw name="Close Browser" library="browser_keywords">
<kw name="Close Browser" library="browser_keywords">
<kw name="Close Browser" library="browser_keywords">
<kw name="Close Browser" library="browser_keywords">
<kw name="Close Browser" library="browser_keywords">
<kw name="Close Browser" library="browser_keywords">
<kw name="Close Browser" library="browser_keywords">
<kw name="Close Browser" library="browser_keywords">
<kw name="Close Browser" library="browser_keywords">
<kw name="Close Browser" library="browser_keywords">
<kw name="Close Browser" library="browser_keywords">
<kw name="Close Browser" library="browser_keywords">
<kw name="Close Browser" library="browser_keywords">
<kw name="Close Browser" library="browser_keywords">
<kw name="Close Browser" library="browser_keywords">
<kw name="Close Browser" library="browser_keywords">
<kw name="Close Browser" library="browser_keywords">
<kw name="Close Browser" library="browser_keywords">
<kw name="Close Browser" library="browser_keywords">
<kw name="Close Browser" library="browser_keywords">
<kw name="Close Browser" library="browser_keywords">
<kw name="Close Browser" library="browser_keywords">
<kw name="Close Browser" library="browser_keywords">
<kw name="Close Browser" library="browser_keywords">
<kw name="Close Browser" library="browser_keywords">
<kw name="Close Browser" library="browser_keywords">
<kw name="Close Browser" library="browser_keywords">
<kw name="Close Browser" library="browser_keywords">
<kw name="Close Browser" library="browser_keywords">
<kw name="Close Browser" library="browser_keywords">
<kw name="Close Browser" library="browser_keywords">
<kw name="Close Browser" library="browser_keywords">
<kw name="Close Browser" library="browser_keywords">
<kw name="Close Browser" library="browser_keywords">
<kw name="Close Browser" library="browser_keywords">
<kw name="Close Browser" library="browser_keywords">
<kw name="Close Browser" library="browser_keywords">
<kw name="Close Browser" library="browser_keywords">
<kw name="Close Browser" library="browser_keywords">
<kw name="Close Browser" library="browser_keywords">
<kw name="Close Browser" library="browser_keywords">
<kw name="Close Browser" library="browser_keywords">
<kw name="Close Browser" library="browser_keywords">
<kw name="Close Browser" library="browser_keywords">
<kw name="Close Browser" library="browser_keywords">
<kw name="Close Browser" library="browser_keywords">
<kw name="Close Browser" library="browser_keywords">
<kw name="Close Browser" library="browser_keywords">
<kw name="Close Browser" library="browser_keywords">
<kw name="Close Browser" library="browser_keywords">
<kw name="Close Browser" library="browser_keywords">
<kw name="Close Browser" library="browser_keywords">
<msg timestamp="20250224 11:06:56.483" level="FAIL">Maximum limit of started keywords and control structures exceeded.</msg>
<status status="FAIL" starttime="20250224 11:06:56.483" endtime="20250224 11:06:56.486"/>
</kw>
<status status="FAIL" starttime="20250224 11:06:56.483" endtime="20250224 11:06:56.486"/>
</kw>
<status status="FAIL" starttime="20250224 11:06:56.483" endtime="20250224 11:06:56.486"/>
</kw>
<status status="FAIL" starttime="20250224 11:06:56.483" endtime="20250224 11:06:56.486"/>
</kw>
<status status="FAIL" starttime="20250224 11:06:56.483" endtime="20250224 11:06:56.486"/>
</kw>
<status status="FAIL" starttime="20250224 11:06:56.483" endtime="20250224 11:06:56.486"/>
</kw>
<status status="FAIL" starttime="20250224 11:06:56.483" endtime="20250224 11:06:56.486"/>
</kw>
<status status="FAIL" starttime="20250224 11:06:56.483" endtime="20250224 11:06:56.486"/>
</kw>
<status status="FAIL" starttime="20250224 11:06:56.480" endtime="20250224 11:06:56.486"/>
</kw>
<status status="FAIL" starttime="20250224 11:06:56.480" endtime="20250224 11:06:56.486"/>
</kw>
<status status="FAIL" starttime="20250224 11:06:56.480" endtime="20250224 11:06:56.486"/>
</kw>
<status status="FAIL" starttime="20250224 11:06:56.480" endtime="20250224 11:06:56.486"/>
</kw>
<status status="FAIL" starttime="20250224 11:06:56.480" endtime="20250224 11:06:56.486"/>
</kw>
<status status="FAIL" starttime="20250224 11:06:56.480" endtime="20250224 11:06:56.486"/>
</kw>
<status status="FAIL" starttime="20250224 11:06:56.479" endtime="20250224 11:06:56.486"/>
</kw>
<status status="FAIL" starttime="20250224 11:06:56.479" endtime="20250224 11:06:56.486"/>
</kw>
<status status="FAIL" starttime="20250224 11:06:56.479" endtime="20250224 11:06:56.486"/>
</kw>
<status status="FAIL" starttime="20250224 11:06:56.478" endtime="20250224 11:06:56.486"/>
</kw>
<status status="FAIL" starttime="20250224 11:06:56.478" endtime="20250224 11:06:56.486"/>
</kw>
<status status="FAIL" starttime="20250224 11:06:56.478" endtime="20250224 11:06:56.486"/>
</kw>
<status status="FAIL" starttime="20250224 11:06:56.477" endtime="20250224 11:06:56.486"/>
</kw>
<status status="FAIL" starttime="20250224 11:06:56.477" endtime="20250224 11:06:56.486"/>
</kw>
<status status="FAIL" starttime="20250224 11:06:56.476" endtime="20250224 11:06:56.486"/>
</kw>
<status status="FAIL" starttime="20250224 11:06:56.476" endtime="20250224 11:06:56.486"/>
</kw>
<status status="FAIL" starttime="20250224 11:06:56.475" endtime="20250224 11:06:56.486"/>
</kw>
<status status="FAIL" starttime="20250224 11:06:56.475" endtime="20250224 11:06:56.486"/>
</kw>
<status status="FAIL" starttime="20250224 11:06:56.475" endtime="20250224 11:06:56.486"/>
</kw>
<status status="FAIL" starttime="20250224 11:06:56.475" endtime="20250224 11:06:56.486"/>
</kw>
<status status="FAIL" starttime="20250224 11:06:56.475" endtime="20250224 11:06:56.486"/>
</kw>
<status status="FAIL" starttime="20250224 11:06:56.474" endtime="20250224 11:06:56.486"/>
</kw>
<status status="FAIL" starttime="20250224 11:06:56.474" endtime="20250224 11:06:56.486"/>
</kw>
<status status="FAIL" starttime="20250224 11:06:56.474" endtime="20250224 11:06:56.486"/>
</kw>
<status status="FAIL" starttime="20250224 11:06:56.474" endtime="20250224 11:06:56.486"/>
</kw>
<status status="FAIL" starttime="20250224 11:06:56.473" endtime="20250224 11:06:56.486"/>
</kw>
<status status="FAIL" starttime="20250224 11:06:56.473" endtime="20250224 11:06:56.486"/>
</kw>
<status status="FAIL" starttime="20250224 11:06:56.473" endtime="20250224 11:06:56.486"/>
</kw>
<status status="FAIL" starttime="20250224 11:06:56.473" endtime="20250224 11:06:56.486"/>
</kw>
<status status="FAIL" starttime="20250224 11:06:56.473" endtime="20250224 11:06:56.486"/>
</kw>
<status status="FAIL" starttime="20250224 11:06:56.472" endtime="20250224 11:06:56.486"/>
</kw>
<status status="FAIL" starttime="20250224 11:06:56.472" endtime="20250224 11:06:56.486"/>
</kw>
<status status="FAIL" starttime="20250224 11:06:56.472" endtime="20250224 11:06:56.491"/>
</kw>
<status status="FAIL" starttime="20250224 11:06:56.471" endtime="20250224 11:06:56.491"/>
</kw>
<status status="FAIL" starttime="20250224 11:06:56.471" endtime="20250224 11:06:56.491"/>
</kw>
<status status="FAIL" starttime="20250224 11:06:56.471" endtime="20250224 11:06:56.491"/>
</kw>
<status status="FAIL" starttime="20250224 11:06:56.471" endtime="20250224 11:06:56.491"/>
</kw>
<status status="FAIL" starttime="20250224 11:06:56.471" endtime="20250224 11:06:56.491"/>
</kw>
<status status="FAIL" starttime="20250224 11:06:56.470" endtime="20250224 11:06:56.491"/>
</kw>
<status status="FAIL" starttime="20250224 11:06:56.470" endtime="20250224 11:06:56.491"/>
</kw>
<status status="FAIL" starttime="20250224 11:06:56.469" endtime="20250224 11:06:56.491"/>
</kw>
<status status="FAIL" starttime="20250224 11:06:56.469" endtime="20250224 11:06:56.491"/>
</kw>
<status status="FAIL" starttime="20250224 11:06:56.469" endtime="20250224 11:06:56.491"/>
</kw>
<status status="FAIL" starttime="20250224 11:06:56.469" endtime="20250224 11:06:56.491"/>
</kw>
<status status="FAIL" starttime="20250224 11:06:56.469" endtime="20250224 11:06:56.491"/>
</kw>
<status status="FAIL" starttime="20250224 11:06:56.468" endtime="20250224 11:06:56.491"/>
</kw>
<status status="FAIL" starttime="20250224 11:06:56.468" endtime="20250224 11:06:56.491"/>
</kw>
<status status="FAIL" starttime="20250224 11:06:56.468" endtime="20250224 11:06:56.491"/>
</kw>
<status status="FAIL" starttime="20250224 11:06:56.467" endtime="20250224 11:06:56.491"/>
</kw>
<status status="FAIL" starttime="20250224 11:06:56.467" endtime="20250224 11:06:56.491"/>
</kw>
<status status="FAIL" starttime="20250224 11:06:56.467" endtime="20250224 11:06:56.491"/>
</kw>
<status status="FAIL" starttime="20250224 11:06:56.467" endtime="20250224 11:06:56.491"/>
</kw>
<status status="FAIL" starttime="20250224 11:06:56.467" endtime="20250224 11:06:56.491"/>
</kw>
<status status="FAIL" starttime="20250224 11:06:56.466" endtime="20250224 11:06:56.491"/>
</kw>
<status status="FAIL" starttime="20250224 11:06:56.466" endtime="20250224 11:06:56.491"/>
</kw>
<status status="FAIL" starttime="20250224 11:06:56.404" endtime="20250224 11:06:56.491"/>
</kw>
<status status="FAIL" starttime="20250224 11:06:56.404" endtime="20250224 11:06:56.491"/>
</kw>
<status status="FAIL" starttime="20250224 11:06:56.404" endtime="20250224 11:06:56.491"/>
</kw>
<status status="FAIL" starttime="20250224 11:06:56.404" endtime="20250224 11:06:56.491"/>
</kw>
<status status="FAIL" starttime="20250224 11:06:56.404" endtime="20250224 11:06:56.491"/>
</kw>
<status status="FAIL" starttime="20250224 11:06:56.402" endtime="20250224 11:06:56.491"/>
</kw>
<status status="FAIL" starttime="20250224 11:06:56.402" endtime="20250224 11:06:56.491"/>
</kw>
<status status="FAIL" starttime="20250224 11:06:56.402" endtime="20250224 11:06:56.491"/>
</kw>
<status status="FAIL" starttime="20250224 11:06:56.402" endtime="20250224 11:06:56.491"/>
</kw>
<status status="FAIL" starttime="20250224 11:06:56.402" endtime="20250224 11:06:56.491"/>
</kw>
<status status="FAIL" starttime="20250224 11:06:56.400" endtime="20250224 11:06:56.491"/>
</kw>
<status status="FAIL" starttime="20250224 11:06:56.400" endtime="20250224 11:06:56.491"/>
</kw>
<status status="FAIL" starttime="20250224 11:06:56.400" endtime="20250224 11:06:56.491"/>
</kw>
<status status="FAIL" starttime="20250224 11:06:56.400" endtime="20250224 11:06:56.491"/>
</kw>
<status status="FAIL" starttime="20250224 11:06:56.400" endtime="20250224 11:06:56.491"/>
</kw>
<status status="FAIL" starttime="20250224 11:06:56.397" endtime="20250224 11:06:56.491"/>
</kw>
<status status="FAIL" starttime="20250224 11:06:56.397" endtime="20250224 11:06:56.491"/>
</kw>
<status status="FAIL" starttime="20250224 11:06:56.397" endtime="20250224 11:06:56.491"/>
</kw>
<status status="FAIL" starttime="20250224 11:06:56.390" endtime="20250224 11:06:56.491"/>
</kw>
<status status="FAIL" starttime="20250224 11:06:56.390" endtime="20250224 11:06:56.491"/>
</kw>
<status status="FAIL" starttime="20250224 11:06:56.388" endtime="20250224 11:06:56.491"/>
</kw>
<status status="FAIL" starttime="20250224 11:06:56.382" endtime="20250224 11:06:56.491"/>
</kw>
<status status="FAIL" starttime="20250224 11:06:56.380" endtime="20250224 11:06:56.491"/>
</kw>
<status status="FAIL" starttime="20250224 11:06:56.380" endtime="20250224 11:06:56.491"/>
</kw>
<status status="FAIL" starttime="20250224 11:06:56.380" endtime="20250224 11:06:56.491"/>
</kw>
<status status="FAIL" starttime="20250224 11:06:56.380" endtime="20250224 11:06:56.491"/>
</kw>
<status status="FAIL" starttime="20250224 11:06:56.380" endtime="20250224 11:06:56.496"/>
</kw>
<status status="FAIL" starttime="20250224 11:06:56.379" endtime="20250224 11:06:56.496"/>
</kw>
<status status="FAIL" starttime="20250224 11:06:56.379" endtime="20250224 11:06:56.496"/>
</kw>
<status status="FAIL" starttime="20250224 11:06:56.379" endtime="20250224 11:06:56.496"/>
</kw>
<status status="FAIL" starttime="20250224 11:06:56.378" endtime="20250224 11:06:56.496"/>
</kw>
<status status="FAIL" starttime="20250224 11:06:56.378" endtime="20250224 11:06:56.496"/>
</kw>
<status status="FAIL" starttime="20250224 11:06:56.378" endtime="20250224 11:06:56.496"/>
</kw>
<status status="FAIL" starttime="20250224 11:06:56.378" endtime="20250224 11:06:56.496"/>
</kw>
<status status="FAIL" starttime="20250224 11:06:56.377" endtime="20250224 11:06:56.496">Maximum limit of started keywords and control structures exceeded.</status>
</kw>
<status status="FAIL" starttime="20250224 11:06:53.002" endtime="20250224 11:06:56.496">No keyword with name 'User Can Logout Successfully' found.

Also teardown failed:
Maximum limit of started keywords and control structures exceeded.</status>
</test>
<status status="FAIL" starttime="20250224 11:06:48.098" endtime="20250224 11:06:56.498"/>
</suite>
<suite id="s1-s3" name="Signup Tests" source="C:\Users\attem\eclipse-workspace\bookstore\robot_tests\signup_tests.robot">
<test id="s1-s3-t1" name="User Registration" line="26">
<kw name="Open Browser" library="SeleniumLibrary">
<arg>${SIGNUP_URL}</arg>
<arg>Chrome</arg>
<doc>Opens a new browser instance to the optional ``url``.</doc>
<msg timestamp="20250224 11:06:56.528" level="INFO">Opening browser 'Chrome' to base url 'http://localhost:8080/signup'.</msg>
<status status="PASS" starttime="20250224 11:06:56.527" endtime="20250224 11:06:59.092"/>
</kw>
<kw name="Maximize Browser Window" library="SeleniumLibrary">
<doc>Maximizes current browser window.</doc>
<status status="PASS" starttime="20250224 11:06:59.097" endtime="20250224 11:06:59.188"/>
</kw>
<kw name="Input Text" library="SeleniumLibrary">
<arg>xpath=//input[@name='username']</arg>
<arg>${VALID_USERNAME}</arg>
<doc>Types the given ``text`` into the text field identified by ``locator``.</doc>
<msg timestamp="20250224 11:06:59.190" level="INFO">Typing text 'newusers1234' into text field 'xpath=//input[@name='username']'.</msg>
<status status="PASS" starttime="20250224 11:06:59.188" endtime="20250224 11:06:59.591"/>
</kw>
<kw name="Input Text" library="SeleniumLibrary">
<arg>xpath=//input[@name='password']</arg>
<arg>${VALID_PASSWORD}</arg>
<doc>Types the given ``text`` into the text field identified by ``locator``.</doc>
<msg timestamp="20250224 11:06:59.594" level="INFO">Typing text 'password123' into text field 'xpath=//input[@name='password']'.</msg>
<status status="PASS" starttime="20250224 11:06:59.593" endtime="20250224 11:06:59.756"/>
</kw>
<kw name="Input Text" library="SeleniumLibrary">
<arg>xpath=//input[@name='passwordCheck']</arg>
<arg>${VALID_PASSWORD}</arg>
<doc>Types the given ``text`` into the text field identified by ``locator``.</doc>
<msg timestamp="20250224 11:06:59.758" level="INFO">Typing text 'password123' into text field 'xpath=//input[@name='passwordCheck']'.</msg>
<status status="PASS" starttime="20250224 11:06:59.757" endtime="20250224 11:06:59.911"/>
</kw>
<kw name="Click Button" library="SeleniumLibrary">
<arg>xpath=//input[@type='submit']</arg>
<doc>Clicks the button identified by ``locator``.</doc>
<msg timestamp="20250224 11:06:59.912" level="INFO">Clicking button 'xpath=//input[@type='submit']'.</msg>
<status status="PASS" starttime="20250224 11:06:59.911" endtime="20250224 11:07:00.281"/>
</kw>
<kw name="Get Location" library="SeleniumLibrary">
<var>${current_url}</var>
<doc>Returns the current browser window URL.</doc>
<msg timestamp="20250224 11:07:00.350" level="INFO">${current_url} = http://localhost:8080/login</msg>
<status status="PASS" starttime="20250224 11:07:00.282" endtime="20250224 11:07:00.350"/>
</kw>
<kw name="Should Be Equal As Strings" library="BuiltIn">
<arg>${current_url}</arg>
<arg>${LOGIN_URL}</arg>
<doc>Fails if objects are unequal after converting them to strings.</doc>
<status status="PASS" starttime="20250224 11:07:00.352" endtime="20250224 11:07:00.352"/>
</kw>
<kw name="Close Browser" library="SeleniumLibrary">
<doc>Closes the current browser.</doc>
<status status="PASS" starttime="20250224 11:07:00.356" endtime="20250224 11:07:02.731"/>
</kw>
<doc>Registers a new user and verifies redirection to the login page.</doc>
<status status="PASS" starttime="20250224 11:06:56.526" endtime="20250224 11:07:02.731"/>
</test>
<test id="s1-s3-t2" name="User Registration With Existing Username" line="39">
<kw name="Open Browser" library="SeleniumLibrary">
<arg>${SIGNUP_URL}</arg>
<arg>Chrome</arg>
<doc>Opens a new browser instance to the optional ``url``.</doc>
<msg timestamp="20250224 11:07:02.731" level="INFO">Opening browser 'Chrome' to base url 'http://localhost:8080/signup'.</msg>
<status status="PASS" starttime="20250224 11:07:02.731" endtime="20250224 11:07:05.063"/>
</kw>
<kw name="Maximize Browser Window" library="SeleniumLibrary">
<doc>Maximizes current browser window.</doc>
<status status="PASS" starttime="20250224 11:07:05.068" endtime="20250224 11:07:05.319"/>
</kw>
<kw name="Input Text" library="SeleniumLibrary">
<arg>xpath=//input[@name='username']</arg>
<arg>${VALID_USERNAME}</arg>
<doc>Types the given ``text`` into the text field identified by ``locator``.</doc>
<msg timestamp="20250224 11:07:05.323" level="INFO">Typing text 'newusers1234' into text field 'xpath=//input[@name='username']'.</msg>
<status status="PASS" starttime="20250224 11:07:05.321" endtime="20250224 11:07:05.684"/>
</kw>
<kw name="Input Text" library="SeleniumLibrary">
<arg>xpath=//input[@name='password']</arg>
<arg>${VALID_PASSWORD}</arg>
<doc>Types the given ``text`` into the text field identified by ``locator``.</doc>
<msg timestamp="20250224 11:07:05.685" level="INFO">Typing text 'password123' into text field 'xpath=//input[@name='password']'.</msg>
<status status="PASS" starttime="20250224 11:07:05.685" endtime="20250224 11:07:05.961"/>
</kw>
<kw name="Input Text" library="SeleniumLibrary">
<arg>xpath=//input[@name='passwordCheck']</arg>
<arg>${VALID_PASSWORD}</arg>
<doc>Types the given ``text`` into the text field identified by ``locator``.</doc>
<msg timestamp="20250224 11:07:05.965" level="INFO">Typing text 'password123' into text field 'xpath=//input[@name='passwordCheck']'.</msg>
<status status="PASS" starttime="20250224 11:07:05.963" endtime="20250224 11:07:06.155"/>
</kw>
<kw name="Click Button" library="SeleniumLibrary">
<arg>xpath=//input[@type='submit']</arg>
<doc>Clicks the button identified by ``locator``.</doc>
<msg timestamp="20250224 11:07:06.157" level="INFO">Clicking button 'xpath=//input[@type='submit']'.</msg>
<status status="PASS" starttime="20250224 11:07:06.156" endtime="20250224 11:07:06.481"/>
</kw>
<kw name="Wait Until Page Contains" library="SeleniumLibrary">
<arg>${MSG_USERNAME_EXISTS}</arg>
<doc>Waits until ``text`` appears on the current page.</doc>
<msg timestamp="20250224 11:07:06.484" level="FAIL">Variable '${MSG_USERNAME_EXISTS}' not found.</msg>
<status status="FAIL" starttime="20250224 11:07:06.482" endtime="20250224 11:07:06.484"/>
</kw>
<kw name="Close Browser" library="SeleniumLibrary">
<doc>Closes the current browser.</doc>
<status status="NOT RUN" starttime="20250224 11:07:06.485" endtime="20250224 11:07:06.486"/>
</kw>
<doc>Attempts to register a user with an already taken username and verifies the error message.</doc>
<status status="FAIL" starttime="20250224 11:07:02.731" endtime="20250224 11:07:06.487">Variable '${MSG_USERNAME_EXISTS}' not found.</status>
</test>
<test id="s1-s3-t3" name="User Registration With Invalid Password" line="51">
<kw name="Open Browser" library="SeleniumLibrary">
<arg>${SIGNUP_URL}</arg>
<arg>Chrome</arg>
<doc>Opens a new browser instance to the optional ``url``.</doc>
<msg timestamp="20250224 11:07:06.493" level="INFO">Opening browser 'Chrome' to base url 'http://localhost:8080/signup'.</msg>
<status status="PASS" starttime="20250224 11:07:06.492" endtime="20250224 11:07:10.189"/>
</kw>
<kw name="Maximize Browser Window" library="SeleniumLibrary">
<doc>Maximizes current browser window.</doc>
<status status="PASS" starttime="20250224 11:07:10.191" endtime="20250224 11:07:10.287"/>
</kw>
<kw name="Input Text" library="SeleniumLibrary">
<arg>xpath=//input[@name='username']</arg>
<arg>${VALID_USERNAME}</arg>
<doc>Types the given ``text`` into the text field identified by ``locator``.</doc>
<msg timestamp="20250224 11:07:10.293" level="INFO">Typing text 'newusers1234' into text field 'xpath=//input[@name='username']'.</msg>
<status status="PASS" starttime="20250224 11:07:10.293" endtime="20250224 11:07:10.584"/>
</kw>
<kw name="Input Text" library="SeleniumLibrary">
<arg>xpath=//input[@name='password']</arg>
<arg>${SHORT_PASSWORD}</arg>
<doc>Types the given ``text`` into the text field identified by ``locator``.</doc>
<msg timestamp="20250224 11:07:10.584" level="INFO">Typing text '123' into text field 'xpath=//input[@name='password']'.</msg>
<status status="PASS" starttime="20250224 11:07:10.584" endtime="20250224 11:07:10.702"/>
</kw>
<kw name="Input Text" library="SeleniumLibrary">
<arg>xpath=//input[@name='passwordCheck']</arg>
<arg>${SHORT_PASSWORD}</arg>
<doc>Types the given ``text`` into the text field identified by ``locator``.</doc>
<msg timestamp="20250224 11:07:10.702" level="INFO">Typing text '123' into text field 'xpath=//input[@name='passwordCheck']'.</msg>
<status status="PASS" starttime="20250224 11:07:10.702" endtime="20250224 11:07:10.809"/>
</kw>
<kw name="Click Button" library="SeleniumLibrary">
<arg>xpath=//input[@type='submit']</arg>
<doc>Clicks the button identified by ``locator``.</doc>
<msg timestamp="20250224 11:07:10.809" level="INFO">Clicking button 'xpath=//input[@type='submit']'.</msg>
<status status="PASS" starttime="20250224 11:07:10.809" endtime="20250224 11:07:10.994"/>
</kw>
<kw name="Wait Until Page Contains" library="SeleniumLibrary">
<arg>${MSG_INVALID_PASSWORD}</arg>
<doc>Waits until ``text`` appears on the current page.</doc>
<msg timestamp="20250224 11:07:11.001" level="FAIL">Variable '${MSG_INVALID_PASSWORD}' not found. Did you mean:
    ${INVALID_PASSWORD}</msg>
<status status="FAIL" starttime="20250224 11:07:10.999" endtime="20250224 11:07:11.001"/>
</kw>
<kw name="Close Browser" library="SeleniumLibrary">
<doc>Closes the current browser.</doc>
<status status="NOT RUN" starttime="20250224 11:07:11.002" endtime="20250224 11:07:11.002"/>
</kw>
<doc>Attempts to register with a short password and verifies the error message.</doc>
<status status="FAIL" starttime="20250224 11:07:06.490" endtime="20250224 11:07:11.003">Variable '${MSG_INVALID_PASSWORD}' not found. Did you mean:
    ${INVALID_PASSWORD}</status>
</test>
<test id="s1-s3-t4" name="User Login With Invalid Credentials" line="63">
<kw name="Open Browser" library="SeleniumLibrary">
<arg>${LOGIN_URL}</arg>
<arg>Chrome</arg>
<doc>Opens a new browser instance to the optional ``url``.</doc>
<msg timestamp="20250224 11:07:11.011" level="INFO">Opening browser 'Chrome' to base url 'http://localhost:8080/login'.</msg>
<status status="PASS" starttime="20250224 11:07:11.010" endtime="20250224 11:07:13.814"/>
</kw>
<kw name="Input Text" library="SeleniumLibrary">
<arg>xpath=//input[@name='username']</arg>
<arg>${INVALID_USERNAME}</arg>
<doc>Types the given ``text`` into the text field identified by ``locator``.</doc>
<msg timestamp="20250224 11:07:13.816" level="INFO">Typing text 'ABCDEFGH' into text field 'xpath=//input[@name='username']'.</msg>
<status status="PASS" starttime="20250224 11:07:13.814" endtime="20250224 11:07:14.204"/>
</kw>
<kw name="Input Text" library="SeleniumLibrary">
<arg>xpath=//input[@name='password']</arg>
<arg>${INVALID_PASSWORD}</arg>
<doc>Types the given ``text`` into the text field identified by ``locator``.</doc>
<msg timestamp="20250224 11:07:14.206" level="INFO">Typing text 'ABCDEFGH' into text field 'xpath=//input[@name='password']'.</msg>
<status status="PASS" starttime="20250224 11:07:14.204" endtime="20250224 11:07:14.377"/>
</kw>
<kw name="Click Button" library="SeleniumLibrary">
<arg>xpath=//input[@type='submit']</arg>
<doc>Clicks the button identified by ``locator``.</doc>
<msg timestamp="20250224 11:07:14.379" level="INFO">Clicking button 'xpath=//input[@type='submit']'.</msg>
<status status="PASS" starttime="20250224 11:07:14.379" endtime="20250224 11:07:14.573"/>
</kw>
<kw name="Wait Until Page Contains" library="SeleniumLibrary">
<arg>${MSG_LOGIN_DENIED}</arg>
<doc>Waits until ``text`` appears on the current page.</doc>
<status status="PASS" starttime="20250224 11:07:14.574" endtime="20250224 11:07:14.616"/>
</kw>
<kw name="Close Browser" library="SeleniumLibrary">
<doc>Closes the current browser.</doc>
<status status="PASS" starttime="20250224 11:07:14.620" endtime="20250224 11:07:16.953"/>
</kw>
<doc>Attempts to log in with incorrect username and password, then verifies the error message.</doc>
<status status="PASS" starttime="20250224 11:07:11.008" endtime="20250224 11:07:16.954"/>
</test>
<test id="s1-s3-t5" name="User Login" line="73">
<kw name="Open Browser" library="SeleniumLibrary">
<arg>${LOGIN_URL}</arg>
<arg>Chrome</arg>
<doc>Opens a new browser instance to the optional ``url``.</doc>
<msg timestamp="20250224 11:07:16.957" level="INFO">Opening browser 'Chrome' to base url 'http://localhost:8080/login'.</msg>
<status status="PASS" starttime="20250224 11:07:16.957" endtime="20250224 11:07:19.266"/>
</kw>
<kw name="Maximize Browser Window" library="SeleniumLibrary">
<doc>Maximizes current browser window.</doc>
<status status="PASS" starttime="20250224 11:07:19.268" endtime="20250224 11:07:19.394"/>
</kw>
<kw name="Input Text" library="SeleniumLibrary">
<arg>xpath=//input[@name='username']</arg>
<arg>${VALID_USERNAME}</arg>
<doc>Types the given ``text`` into the text field identified by ``locator``.</doc>
<msg timestamp="20250224 11:07:19.402" level="INFO">Typing text 'newusers1234' into text field 'xpath=//input[@name='username']'.</msg>
<status status="PASS" starttime="20250224 11:07:19.401" endtime="20250224 11:07:19.754"/>
</kw>
<kw name="Input Text" library="SeleniumLibrary">
<arg>xpath=//input[@name='password']</arg>
<arg>${VALID_PASSWORD}</arg>
<doc>Types the given ``text`` into the text field identified by ``locator``.</doc>
<msg timestamp="20250224 11:07:19.756" level="INFO">Typing text 'password123' into text field 'xpath=//input[@name='password']'.</msg>
<status status="PASS" starttime="20250224 11:07:19.756" endtime="20250224 11:07:19.999"/>
</kw>
<kw name="Click Button" library="SeleniumLibrary">
<arg>xpath=//input[@type='submit']</arg>
<doc>Clicks the button identified by ``locator``.</doc>
<msg timestamp="20250224 11:07:19.999" level="INFO">Clicking button 'xpath=//input[@type='submit']'.</msg>
<status status="PASS" starttime="20250224 11:07:19.999" endtime="20250224 11:07:20.366"/>
</kw>
<kw name="Wait Until Page Contains" library="SeleniumLibrary">
<arg>books</arg>
<doc>Waits until ``text`` appears on the current page.</doc>
<status status="PASS" starttime="20250224 11:07:20.367" endtime="20250224 11:07:20.440"/>
</kw>
<kw name="Get Location" library="SeleniumLibrary">
<var>${current_url}</var>
<doc>Returns the current browser window URL.</doc>
<msg timestamp="20250224 11:07:20.475" level="INFO">${current_url} = http://localhost:8080/books</msg>
<status status="PASS" starttime="20250224 11:07:20.446" endtime="20250224 11:07:20.475"/>
</kw>
<kw name="Should Be Equal As Strings" library="BuiltIn">
<arg>${current_url}</arg>
<arg>${BOOKS_URL}</arg>
<doc>Fails if objects are unequal after converting them to strings.</doc>
<status status="PASS" starttime="20250224 11:07:20.478" endtime="20250224 11:07:20.479"/>
</kw>
<doc>Logs in with valid credentials and verifies redirection to the books page.</doc>
<status status="PASS" starttime="20250224 11:07:16.956" endtime="20250224 11:07:20.483"/>
</test>
<test id="s1-s3-t6" name="User Logout" line="85">
<kw name="Click Button" library="SeleniumLibrary">
<arg>xpath=//input[@type='submit' and @value='Sign Out']</arg>
<doc>Clicks the button identified by ``locator``.</doc>
<msg timestamp="20250224 11:07:20.492" level="INFO">Clicking button 'xpath=//input[@type='submit' and @value='Sign Out']'.</msg>
<status status="PASS" starttime="20250224 11:07:20.492" endtime="20250224 11:07:20.709"/>
</kw>
<kw name="Wait Until Page Contains" library="SeleniumLibrary">
<arg>${MSG_SIGN_OUT}</arg>
<doc>Waits until ``text`` appears on the current page.</doc>
<status status="PASS" starttime="20250224 11:07:20.710" endtime="20250224 11:07:20.760"/>
</kw>
<kw name="Close Browser" library="SeleniumLibrary">
<doc>Closes the current browser.</doc>
<status status="PASS" starttime="20250224 11:07:20.761" endtime="20250224 11:07:23.139"/>
</kw>
<doc>Logs out the user and verifies the logout message is displayed.</doc>
<status status="PASS" starttime="20250224 11:07:20.491" endtime="20250224 11:07:23.139"/>
</test>
<status status="FAIL" starttime="20250224 11:06:56.502" endtime="20250224 11:07:23.139"/>
</suite>
<suite id="s1-s4" name="Testcases" source="C:\Users\attem\eclipse-workspace\bookstore\robot_tests\testcases">
<suite id="s1-s4-s1" name="Login Tests" source="C:\Users\attem\eclipse-workspace\bookstore\robot_tests\testcases\login_tests.robot">
<test id="s1-s4-s1-t1" name="User Can Login Successfully" line="11">
<kw name="Open Browser To Login Page" library="browser_keywords" type="SETUP">
<kw name="Open Browser" library="SeleniumLibrary">
<arg>${LOGIN_URL}</arg>
<arg>Chrome</arg>
<doc>Opens a new browser instance to the optional ``url``.</doc>
<msg timestamp="20250224 11:07:23.165" level="INFO">Opening browser 'Chrome' to base url 'http://localhost:8080/login'.</msg>
<status status="PASS" starttime="20250224 11:07:23.164" endtime="20250224 11:07:25.597"/>
</kw>
<kw name="Maximize Browser Window" library="SeleniumLibrary">
<doc>Maximizes current browser window.</doc>
<status status="PASS" starttime="20250224 11:07:25.597" endtime="20250224 11:07:25.716"/>
</kw>
<status status="PASS" starttime="20250224 11:07:23.164" endtime="20250224 11:07:25.717"/>
</kw>
<kw name="Login User" library="user_keywords">
<kw name="Input Text" library="SeleniumLibrary">
<arg>xpath=//input[@name='username']</arg>
<arg>${VALID_USERNAME}</arg>
<doc>Types the given ``text`` into the text field identified by ``locator``.</doc>
<msg timestamp="20250224 11:07:25.719" level="INFO">Typing text 'newusers1234' into text field 'xpath=//input[@name='username']'.</msg>
<status status="PASS" starttime="20250224 11:07:25.718" endtime="20250224 11:07:25.966"/>
</kw>
<kw name="Input Text" library="SeleniumLibrary">
<arg>xpath=//input[@name='password']</arg>
<arg>${VALID_PASSWORD}</arg>
<doc>Types the given ``text`` into the text field identified by ``locator``.</doc>
<msg timestamp="20250224 11:07:25.967" level="INFO">Typing text 'password123' into text field 'xpath=//input[@name='password']'.</msg>
<status status="PASS" starttime="20250224 11:07:25.966" endtime="20250224 11:07:26.100"/>
</kw>
<kw name="Click Button" library="SeleniumLibrary">
<arg>xpath=//input[@type='submit']</arg>
<doc>Clicks the button identified by ``locator``.</doc>
<msg timestamp="20250224 11:07:26.101" level="INFO">Clicking button 'xpath=//input[@type='submit']'.</msg>
<status status="PASS" starttime="20250224 11:07:26.100" endtime="20250224 11:07:26.326"/>
</kw>
<status status="PASS" starttime="20250224 11:07:25.718" endtime="20250224 11:07:26.326"/>
</kw>
<kw name="Wait Until Page Contains" library="SeleniumLibrary">
<arg>books</arg>
<doc>Waits until ``text`` appears on the current page.</doc>
<status status="PASS" starttime="20250224 11:07:26.326" endtime="20250224 11:07:26.351"/>
</kw>
<kw name="Get Location" library="SeleniumLibrary">
<var>${current_url}</var>
<doc>Returns the current browser window URL.</doc>
<msg timestamp="20250224 11:07:26.363" level="INFO">${current_url} = http://localhost:8080/books</msg>
<status status="PASS" starttime="20250224 11:07:26.351" endtime="20250224 11:07:26.363"/>
</kw>
<kw name="Should Be Equal As Strings" library="BuiltIn">
<arg>${current_url}</arg>
<arg>${BOOKS_URL}</arg>
<doc>Fails if objects are unequal after converting them to strings.</doc>
<status status="PASS" starttime="20250224 11:07:26.363" endtime="20250224 11:07:26.364"/>
</kw>
<kw name="Close Browser" library="browser_keywords" type="TEARDOWN">
<kw name="Close Browser" library="browser_keywords">
<kw name="Close Browser" library="browser_keywords">
<kw name="Close Browser" library="browser_keywords">
<kw name="Close Browser" library="browser_keywords">
<kw name="Close Browser" library="browser_keywords">
<kw name="Close Browser" library="browser_keywords">
<kw name="Close Browser" library="browser_keywords">
<kw name="Close Browser" library="browser_keywords">
<kw name="Close Browser" library="browser_keywords">
<kw name="Close Browser" library="browser_keywords">
<kw name="Close Browser" library="browser_keywords">
<kw name="Close Browser" library="browser_keywords">
<kw name="Close Browser" library="browser_keywords">
<kw name="Close Browser" library="browser_keywords">
<kw name="Close Browser" library="browser_keywords">
<kw name="Close Browser" library="browser_keywords">
<kw name="Close Browser" library="browser_keywords">
<kw name="Close Browser" library="browser_keywords">
<kw name="Close Browser" library="browser_keywords">
<kw name="Close Browser" library="browser_keywords">
<kw name="Close Browser" library="browser_keywords">
<kw name="Close Browser" library="browser_keywords">
<kw name="Close Browser" library="browser_keywords">
<kw name="Close Browser" library="browser_keywords">
<kw name="Close Browser" library="browser_keywords">
<kw name="Close Browser" library="browser_keywords">
<kw name="Close Browser" library="browser_keywords">
<kw name="Close Browser" library="browser_keywords">
<kw name="Close Browser" library="browser_keywords">
<kw name="Close Browser" library="browser_keywords">
<kw name="Close Browser" library="browser_keywords">
<kw name="Close Browser" library="browser_keywords">
<kw name="Close Browser" library="browser_keywords">
<kw name="Close Browser" library="browser_keywords">
<kw name="Close Browser" library="browser_keywords">
<kw name="Close Browser" library="browser_keywords">
<kw name="Close Browser" library="browser_keywords">
<kw name="Close Browser" library="browser_keywords">
<kw name="Close Browser" library="browser_keywords">
<kw name="Close Browser" library="browser_keywords">
<kw name="Close Browser" library="browser_keywords">
<kw name="Close Browser" library="browser_keywords">
<kw name="Close Browser" library="browser_keywords">
<kw name="Close Browser" library="browser_keywords">
<kw name="Close Browser" library="browser_keywords">
<kw name="Close Browser" library="browser_keywords">
<kw name="Close Browser" library="browser_keywords">
<kw name="Close Browser" library="browser_keywords">
<kw name="Close Browser" library="browser_keywords">
<kw name="Close Browser" library="browser_keywords">
<kw name="Close Browser" library="browser_keywords">
<kw name="Close Browser" library="browser_keywords">
<kw name="Close Browser" library="browser_keywords">
<kw name="Close Browser" library="browser_keywords">
<kw name="Close Browser" library="browser_keywords">
<kw name="Close Browser" library="browser_keywords">
<kw name="Close Browser" library="browser_keywords">
<kw name="Close Browser" library="browser_keywords">
<kw name="Close Browser" library="browser_keywords">
<kw name="Close Browser" library="browser_keywords">
<kw name="Close Browser" library="browser_keywords">
<kw name="Close Browser" library="browser_keywords">
[...]
<arg>${MSG_INVALID_PASSWORD}</arg>
<doc>Waits until ``text`` appears on the current page.</doc>
<msg timestamp="20250224 11:07:53.136" level="FAIL">Variable '${MSG_INVALID_PASSWORD}' not found. Did you mean:
    ${INVALID_PASSWORD}</msg>
<status status="FAIL" starttime="20250224 11:07:53.134" endtime="20250224 11:07:53.136"/>
</kw>
<kw name="Close Browser" library="browser_keywords" type="TEARDOWN">
<kw name="Close Browser" library="browser_keywords">
<kw name="Close Browser" library="browser_keywords">
<kw name="Close Browser" library="browser_keywords">
<kw name="Close Browser" library="browser_keywords">
<kw name="Close Browser" library="browser_keywords">
<kw name="Close Browser" library="browser_keywords">
<kw name="Close Browser" library="browser_keywords">
<kw name="Close Browser" library="browser_keywords">
<kw name="Close Browser" library="browser_keywords">
<kw name="Close Browser" library="browser_keywords">
<kw name="Close Browser" library="browser_keywords">
<kw name="Close Browser" library="browser_keywords">
<kw name="Close Browser" library="browser_keywords">
<kw name="Close Browser" library="browser_keywords">
<kw name="Close Browser" library="browser_keywords">
<kw name="Close Browser" library="browser_keywords">
<kw name="Close Browser" library="browser_keywords">
<kw name="Close Browser" library="browser_keywords">
<kw name="Close Browser" library="browser_keywords">
<kw name="Close Browser" library="browser_keywords">
<kw name="Close Browser" library="browser_keywords">
<kw name="Close Browser" library="browser_keywords">
<kw name="Close Browser" library="browser_keywords">
<kw name="Close Browser" library="browser_keywords">
<kw name="Close Browser" library="browser_keywords">
<kw name="Close Browser" library="browser_keywords">
<kw name="Close Browser" library="browser_keywords">
<kw name="Close Browser" library="browser_keywords">
<kw name="Close Browser" library="browser_keywords">
<kw name="Close Browser" library="browser_keywords">
<kw name="Close Browser" library="browser_keywords">
<kw name="Close Browser" library="browser_keywords">
<kw name="Close Browser" library="browser_keywords">
<kw name="Close Browser" library="browser_keywords">
<kw name="Close Browser" library="browser_keywords">
<kw name="Close Browser" library="browser_keywords">
<kw name="Close Browser" library="browser_keywords">
<kw name="Close Browser" library="browser_keywords">
<kw name="Close Browser" library="browser_keywords">
<kw name="Close Browser" library="browser_keywords">
<kw name="Close Browser" library="browser_keywords">
<kw name="Close Browser" library="browser_keywords">
<kw name="Close Browser" library="browser_keywords">
<kw name="Close Browser" library="browser_keywords">
<kw name="Close Browser" library="browser_keywords">
<kw name="Close Browser" library="browser_keywords">
<kw name="Close Browser" library="browser_keywords">
<kw name="Close Browser" library="browser_keywords">
<kw name="Close Browser" library="browser_keywords">
<kw name="Close Browser" library="browser_keywords">
<kw name="Close Browser" library="browser_keywords">
<kw name="Close Browser" library="browser_keywords">
<kw name="Close Browser" library="browser_keywords">
<kw name="Close Browser" library="browser_keywords">
<kw name="Close Browser" library="browser_keywords">
<kw name="Close Browser" library="browser_keywords">
<kw name="Close Browser" library="browser_keywords">
<kw name="Close Browser" library="browser_keywords">
<kw name="Close Browser" library="browser_keywords">
<kw name="Close Browser" library="browser_keywords">
<kw name="Close Browser" library="browser_keywords">
<kw name="Close Browser" library="browser_keywords">
<kw name="Close Browser" library="browser_keywords">
<kw name="Close Browser" library="browser_keywords">
<kw name="Close Browser" library="browser_keywords">
<kw name="Close Browser" library="browser_keywords">
<kw name="Close Browser" library="browser_keywords">
<kw name="Close Browser" library="browser_keywords">
<kw name="Close Browser" library="browser_keywords">
<kw name="Close Browser" library="browser_keywords">
<kw name="Close Browser" library="browser_keywords">
<kw name="Close Browser" library="browser_keywords">
<kw name="Close Browser" library="browser_keywords">
<kw name="Close Browser" library="browser_keywords">
<kw name="Close Browser" library="browser_keywords">
<kw name="Close Browser" library="browser_keywords">
<kw name="Close Browser" library="browser_keywords">
<kw name="Close Browser" library="browser_keywords">
<kw name="Close Browser" library="browser_keywords">
<kw name="Close Browser" library="browser_keywords">
<kw name="Close Browser" library="browser_keywords">
<kw name="Close Browser" library="browser_keywords">
<kw name="Close Browser" library="browser_keywords">
<kw name="Close Browser" library="browser_keywords">
<kw name="Close Browser" library="browser_keywords">
<kw name="Close Browser" library="browser_keywords">
<kw name="Close Browser" library="browser_keywords">
<kw name="Close Browser" library="browser_keywords">
<kw name="Close Browser" library="browser_keywords">
<kw name="Close Browser" library="browser_keywords">
<kw name="Close Browser" library="browser_keywords">
<kw name="Close Browser" library="browser_keywords">
<kw name="Close Browser" library="browser_keywords">
<kw name="Close Browser" library="browser_keywords">
<kw name="Close Browser" library="browser_keywords">
<kw name="Close Browser" library="browser_keywords">
<kw name="Close Browser" library="browser_keywords">
<msg timestamp="20250224 11:07:53.173" level="FAIL">Maximum limit of started keywords and control structures exceeded.</msg>
<status status="FAIL" starttime="20250224 11:07:53.173" endtime="20250224 11:07:53.173"/>
</kw>
<status status="FAIL" starttime="20250224 11:07:53.171" endtime="20250224 11:07:53.175"/>
</kw>
<status status="FAIL" starttime="20250224 11:07:53.170" endtime="20250224 11:07:53.175"/>
</kw>
<status status="FAIL" starttime="20250224 11:07:53.170" endtime="20250224 11:07:53.175"/>
</kw>
<status status="FAIL" starttime="20250224 11:07:53.170" endtime="20250224 11:07:53.175"/>
</kw>
<status status="FAIL" starttime="20250224 11:07:53.170" endtime="20250224 11:07:53.175"/>
</kw>
<status status="FAIL" starttime="20250224 11:07:53.169" endtime="20250224 11:07:53.176"/>
</kw>
<status status="FAIL" starttime="20250224 11:07:53.169" endtime="20250224 11:07:53.176"/>
</kw>
<status status="FAIL" starttime="20250224 11:07:53.168" endtime="20250224 11:07:53.176"/>
</kw>
<status status="FAIL" starttime="20250224 11:07:53.168" endtime="20250224 11:07:53.176"/>
</kw>
<status status="FAIL" starttime="20250224 11:07:53.168" endtime="20250224 11:07:53.176"/>
</kw>
<status status="FAIL" starttime="20250224 11:07:53.167" endtime="20250224 11:07:53.177"/>
</kw>
<status status="FAIL" starttime="20250224 11:07:53.167" endtime="20250224 11:07:53.177"/>
</kw>
<status status="FAIL" starttime="20250224 11:07:53.167" endtime="20250224 11:07:53.177"/>
</kw>
<status status="FAIL" starttime="20250224 11:07:53.166" endtime="20250224 11:07:53.178"/>
</kw>
<status status="FAIL" starttime="20250224 11:07:53.166" endtime="20250224 11:07:53.178"/>
</kw>
<status status="FAIL" starttime="20250224 11:07:53.166" endtime="20250224 11:07:53.178"/>
</kw>
<status status="FAIL" starttime="20250224 11:07:53.165" endtime="20250224 11:07:53.178"/>
</kw>
<status status="FAIL" starttime="20250224 11:07:53.165" endtime="20250224 11:07:53.179"/>
</kw>
<status status="FAIL" starttime="20250224 11:07:53.165" endtime="20250224 11:07:53.180"/>
</kw>
<status status="FAIL" starttime="20250224 11:07:53.165" endtime="20250224 11:07:53.181"/>
</kw>
<status status="FAIL" starttime="20250224 11:07:53.164" endtime="20250224 11:07:53.182"/>
</kw>
<status status="FAIL" starttime="20250224 11:07:53.164" endtime="20250224 11:07:53.182"/>
</kw>
<status status="FAIL" starttime="20250224 11:07:53.163" endtime="20250224 11:07:53.182"/>
</kw>
<status status="FAIL" starttime="20250224 11:07:53.162" endtime="20250224 11:07:53.182"/>
</kw>
<status status="FAIL" starttime="20250224 11:07:53.162" endtime="20250224 11:07:53.182"/>
</kw>
<status status="FAIL" starttime="20250224 11:07:53.162" endtime="20250224 11:07:53.182"/>
</kw>
<status status="FAIL" starttime="20250224 11:07:53.162" endtime="20250224 11:07:53.182"/>
</kw>
<status status="FAIL" starttime="20250224 11:07:53.161" endtime="20250224 11:07:53.182"/>
</kw>
<status status="FAIL" starttime="20250224 11:07:53.161" endtime="20250224 11:07:53.182"/>
</kw>
<status status="FAIL" starttime="20250224 11:07:53.161" endtime="20250224 11:07:53.182"/>
</kw>
<status status="FAIL" starttime="20250224 11:07:53.161" endtime="20250224 11:07:53.182"/>
</kw>
<status status="FAIL" starttime="20250224 11:07:53.160" endtime="20250224 11:07:53.182"/>
</kw>
<status status="FAIL" starttime="20250224 11:07:53.160" endtime="20250224 11:07:53.182"/>
</kw>
<status status="FAIL" starttime="20250224 11:07:53.160" endtime="20250224 11:07:53.182"/>
</kw>
<status status="FAIL" starttime="20250224 11:07:53.160" endtime="20250224 11:07:53.182"/>
</kw>
<status status="FAIL" starttime="20250224 11:07:53.159" endtime="20250224 11:07:53.182"/>
</kw>
<status status="FAIL" starttime="20250224 11:07:53.159" endtime="20250224 11:07:53.182"/>
</kw>
<status status="FAIL" starttime="20250224 11:07:53.158" endtime="20250224 11:07:53.187"/>
</kw>
<status status="FAIL" starttime="20250224 11:07:53.158" endtime="20250224 11:07:53.187"/>
</kw>
<status status="FAIL" starttime="20250224 11:07:53.157" endtime="20250224 11:07:53.187"/>
</kw>
<status status="FAIL" starttime="20250224 11:07:53.156" endtime="20250224 11:07:53.187"/>
</kw>
<status status="FAIL" starttime="20250224 11:07:53.156" endtime="20250224 11:07:53.188"/>
</kw>
<status status="FAIL" starttime="20250224 11:07:53.155" endtime="20250224 11:07:53.188"/>
</kw>
<status status="FAIL" starttime="20250224 11:07:53.155" endtime="20250224 11:07:53.188"/>
</kw>
<status status="FAIL" starttime="20250224 11:07:53.155" endtime="20250224 11:07:53.188"/>
</kw>
<status status="FAIL" starttime="20250224 11:07:53.155" endtime="20250224 11:07:53.188"/>
</kw>
<status status="FAIL" starttime="20250224 11:07:53.155" endtime="20250224 11:07:53.189"/>
</kw>
<status status="FAIL" starttime="20250224 11:07:53.155" endtime="20250224 11:07:53.189"/>
</kw>
<status status="FAIL" starttime="20250224 11:07:53.154" endtime="20250224 11:07:53.189"/>
</kw>
<status status="FAIL" starttime="20250224 11:07:53.154" endtime="20250224 11:07:53.189"/>
</kw>
<status status="FAIL" starttime="20250224 11:07:53.153" endtime="20250224 11:07:53.189"/>
</kw>
<status status="FAIL" starttime="20250224 11:07:53.153" endtime="20250224 11:07:53.189"/>
</kw>
<status status="FAIL" starttime="20250224 11:07:53.153" endtime="20250224 11:07:53.190"/>
</kw>
<status status="FAIL" starttime="20250224 11:07:53.153" endtime="20250224 11:07:53.190"/>
</kw>
<status status="FAIL" starttime="20250224 11:07:53.152" endtime="20250224 11:07:53.190"/>
</kw>
<status status="FAIL" starttime="20250224 11:07:53.152" endtime="20250224 11:07:53.190"/>
</kw>
<status status="FAIL" starttime="20250224 11:07:53.152" endtime="20250224 11:07:53.190"/>
</kw>
<status status="FAIL" starttime="20250224 11:07:53.151" endtime="20250224 11:07:53.190"/>
</kw>
<status status="FAIL" starttime="20250224 11:07:53.151" endtime="20250224 11:07:53.191"/>
</kw>
<status status="FAIL" starttime="20250224 11:07:53.151" endtime="20250224 11:07:53.191"/>
</kw>
<status status="FAIL" starttime="20250224 11:07:53.150" endtime="20250224 11:07:53.191"/>
</kw>
<status status="FAIL" starttime="20250224 11:07:53.150" endtime="20250224 11:07:53.191"/>
</kw>
<status status="FAIL" starttime="20250224 11:07:53.150" endtime="20250224 11:07:53.191"/>
</kw>
<status status="FAIL" starttime="20250224 11:07:53.150" endtime="20250224 11:07:53.191"/>
</kw>
<status status="FAIL" starttime="20250224 11:07:53.150" endtime="20250224 11:07:53.191"/>
</kw>
<status status="FAIL" starttime="20250224 11:07:53.149" endtime="20250224 11:07:53.192"/>
</kw>
<status status="FAIL" starttime="20250224 11:07:53.149" endtime="20250224 11:07:53.192"/>
</kw>
<status status="FAIL" starttime="20250224 11:07:53.149" endtime="20250224 11:07:53.192"/>
</kw>
<status status="FAIL" starttime="20250224 11:07:53.149" endtime="20250224 11:07:53.192"/>
</kw>
<status status="FAIL" starttime="20250224 11:07:53.148" endtime="20250224 11:07:53.192"/>
</kw>
<status status="FAIL" starttime="20250224 11:07:53.148" endtime="20250224 11:07:53.192"/>
</kw>
<status status="FAIL" starttime="20250224 11:07:53.148" endtime="20250224 11:07:53.193"/>
</kw>
<status status="FAIL" starttime="20250224 11:07:53.148" endtime="20250224 11:07:53.193"/>
</kw>
<status status="FAIL" starttime="20250224 11:07:53.147" endtime="20250224 11:07:53.193"/>
</kw>
<status status="FAIL" starttime="20250224 11:07:53.147" endtime="20250224 11:07:53.193"/>
</kw>
<status status="FAIL" starttime="20250224 11:07:53.147" endtime="20250224 11:07:53.193"/>
</kw>
<status status="FAIL" starttime="20250224 11:07:53.146" endtime="20250224 11:07:53.193"/>
</kw>
<status status="FAIL" starttime="20250224 11:07:53.146" endtime="20250224 11:07:53.193"/>
</kw>
<status status="FAIL" starttime="20250224 11:07:53.146" endtime="20250224 11:07:53.193"/>
</kw>
<status status="FAIL" starttime="20250224 11:07:53.146" endtime="20250224 11:07:53.193"/>
</kw>
<status status="FAIL" starttime="20250224 11:07:53.145" endtime="20250224 11:07:53.194"/>
</kw>
<status status="FAIL" starttime="20250224 11:07:53.145" endtime="20250224 11:07:53.194"/>
</kw>
<status status="FAIL" starttime="20250224 11:07:53.145" endtime="20250224 11:07:53.194"/>
</kw>
<status status="FAIL" starttime="20250224 11:07:53.144" endtime="20250224 11:07:53.194"/>
</kw>
<status status="FAIL" starttime="20250224 11:07:53.143" endtime="20250224 11:07:53.196"/>
</kw>
<status status="FAIL" starttime="20250224 11:07:53.143" endtime="20250224 11:07:53.196"/>
</kw>
<status status="FAIL" starttime="20250224 11:07:53.142" endtime="20250224 11:07:53.196"/>
</kw>
<status status="FAIL" starttime="20250224 11:07:53.142" endtime="20250224 11:07:53.196"/>
</kw>
<status status="FAIL" starttime="20250224 11:07:53.142" endtime="20250224 11:07:53.196"/>
</kw>
<status status="FAIL" starttime="20250224 11:07:53.141" endtime="20250224 11:07:53.197"/>
</kw>
<status status="FAIL" starttime="20250224 11:07:53.141" endtime="20250224 11:07:53.197"/>
</kw>
<status status="FAIL" starttime="20250224 11:07:53.139" endtime="20250224 11:07:53.197"/>
</kw>
<status status="FAIL" starttime="20250224 11:07:53.139" endtime="20250224 11:07:53.198"/>
</kw>
<status status="FAIL" starttime="20250224 11:07:53.138" endtime="20250224 11:07:53.198"/>
</kw>
<status status="FAIL" starttime="20250224 11:07:53.138" endtime="20250224 11:07:53.198"/>
</kw>
<status status="FAIL" starttime="20250224 11:07:53.138" endtime="20250224 11:07:53.198"/>
</kw>
<status status="FAIL" starttime="20250224 11:07:53.136" endtime="20250224 11:07:53.198">Maximum limit of started keywords and control structures exceeded.</status>
</kw>
<doc>Attempts to register with a short password and verifies the error message.</doc>
<status status="FAIL" starttime="20250224 11:07:48.556" endtime="20250224 11:07:53.200">Variable '${MSG_INVALID_PASSWORD}' not found. Did you mean:
    ${INVALID_PASSWORD}

Also teardown failed:
Maximum limit of started keywords and control structures exceeded.</status>
</test>
<status status="FAIL" starttime="20250224 11:07:34.816" endtime="20250224 11:07:53.203"/>
</suite>
<status status="FAIL" starttime="20250224 11:07:23.139" endtime="20250224 11:07:53.207"/>
</suite>
<status status="FAIL" starttime="20250224 11:06:39.675" endtime="20250224 11:07:53.213"/>
</suite>
<statistics>
<total>
<stat pass="6" fail="11" skip="0">All Tests</stat>
</total>
<tag>
</tag>
<suite>
<stat pass="6" fail="11" skip="0" id="s1" name="Robot Tests">Robot Tests</stat>
<stat pass="2" fail="0" skip="0" id="s1-s1" name="books CRUD tests">Robot Tests.books CRUD tests</stat>
<stat pass="0" fail="3" skip="0" id="s1-s2" name="Robot Tests">Robot Tests.Robot Tests</stat>
<stat pass="4" fail="2" skip="0" id="s1-s3" name="Signup Tests">Robot Tests.Signup Tests</stat>
<stat pass="0" fail="6" skip="0" id="s1-s4" name="Testcases">Robot Tests.Testcases</stat>
<stat pass="0" fail="2" skip="0" id="s1-s4-s1" name="Login Tests">Robot Tests.Testcases.Login Tests</stat>
<stat pass="0" fail="1" skip="0" id="s1-s4-s2" name="Logout Tests">Robot Tests.Testcases.Logout Tests</stat>
<stat pass="0" fail="3" skip="0" id="s1-s4-s3" name="Signup Tests">Robot Tests.Testcases.Signup Tests</stat>
</suite>
</statistics>
<errors>
<msg timestamp="20250224 11:06:48.112" level="ERROR">Error in file 'C:\Users\attem\eclipse-workspace\bookstore\robot_tests\resources\variables.robot' on line 18: Setting variable '${MSG_USERNAME_EXISTS} Username already exists' failed: Invalid variable name '${MSG_USERNAME_EXISTS} Username already exists'.</msg>
<msg timestamp="20250224 11:06:48.112" level="ERROR">Error in file 'C:\Users\attem\eclipse-workspace\bookstore\robot_tests\resources\variables.robot' on line 19: Setting variable '${MSG_INVALID_PASSWORD} size must be between 7 and 30' failed: Invalid variable name '${MSG_INVALID_PASSWORD} size must be between 7 and 30'.</msg>
<msg timestamp="20250224 11:06:56.502" level="ERROR">Error in file 'C:\Users\attem\eclipse-workspace\bookstore\robot_tests\signup_tests.robot' on line 21: Setting variable '${MSG_USERNAME_EXISTS} Username already exists' failed: Invalid variable name '${MSG_USERNAME_EXISTS} Username already exists'.</msg>
<msg timestamp="20250224 11:06:56.503" level="ERROR">Error in file 'C:\Users\attem\eclipse-workspace\bookstore\robot_tests\signup_tests.robot' on line 22: Setting variable '${MSG_INVALID_PASSWORD} size must be between 7 and 30' failed: Invalid variable name '${MSG_INVALID_PASSWORD} size must be between 7 and 30'.</msg>
<msg timestamp="20250224 11:07:23.154" level="ERROR">Error in file 'C:\Users\attem\eclipse-workspace\bookstore\robot_tests\resources\variables.robot' on line 18: Setting variable '${MSG_USERNAME_EXISTS} Username already exists' failed: Invalid variable name '${MSG_USERNAME_EXISTS} Username already exists'.</msg>
<msg timestamp="20250224 11:07:23.154" level="ERROR">Error in file 'C:\Users\attem\eclipse-workspace\bookstore\robot_tests\resources\variables.robot' on line 19: Setting variable '${MSG_INVALID_PASSWORD} size must be between 7 and 30' failed: Invalid variable name '${MSG_INVALID_PASSWORD} size must be between 7 and 30'.</msg>
<msg timestamp="20250224 11:07:30.352" level="ERROR">Error in file 'C:\Users\attem\eclipse-workspace\bookstore\robot_tests\resources\variables.robot' on line 18: Setting variable '${MSG_USERNAME_EXISTS} Username already exists' failed: Invalid variable name '${MSG_USERNAME_EXISTS} Username already exists'.</msg>
<msg timestamp="20250224 11:07:30.353" level="ERROR">Error in file 'C:\Users\attem\eclipse-workspace\bookstore\robot_tests\resources\variables.robot' on line 19: Setting variable '${MSG_INVALID_PASSWORD} size must be between 7 and 30' failed: Invalid variable name '${MSG_INVALID_PASSWORD} size must be between 7 and 30'.</msg>
<msg timestamp="20250224 11:07:34.838" level="ERROR">Error in file 'C:\Users\attem\eclipse-workspace\bookstore\robot_tests\resources\variables.robot' on line 18: Setting variable '${MSG_USERNAME_EXISTS} Username already exists' failed: Invalid variable name '${MSG_USERNAME_EXISTS} Username already exists'.</msg>
<msg timestamp="20250224 11:07:34.838" level="ERROR">Error in file 'C:\Users\attem\eclipse-workspace\bookstore\robot_tests\resources\variables.robot' on line 19: Setting variable '${MSG_INVALID_PASSWORD} size must be between 7 and 30' failed: Invalid variable name '${MSG_INVALID_PASSWORD} size must be between 7 and 30'.</msg>
</errors>
</robot>
